This is pdfTeX, Version 3.141592653-2.6-1.40.26 (MiKTeX 24.4) (preloaded format=pdflatex 2025.1.11)  12 JAN 2025 21:04
entering extended mode
 restricted \write18 enabled.
 %&-line parsing enabled.
**./proyecto_tema_5_boletin_1.tex
(proyecto_tema_5_boletin_1.tex
LaTeX2e <2024-11-01> patch level 1
L3 programming layer <2024-12-09>
(sphinxmanual.cls
Document Class: sphinxmanual 2019/12/01 v2.3.0 Document class (Sphinx manual)
(C:\Users\FX506\AppData\Local\Programs\MiKTeX\tex/latex/base\report.cls
Document Class: report 2024/06/29 v1.4n Standard LaTeX document class
(C:\Users\FX506\AppData\Local\Programs\MiKTeX\tex/latex/base\size10.clo
File: size10.clo 2024/06/29 v1.4n Standard LaTeX file (size option)
)
\c@part=\count196
\c@chapter=\count197
\c@section=\count198
\c@subsection=\count199
\c@subsubsection=\count266
\c@paragraph=\count267
\c@subparagraph=\count268
\c@figure=\count269
\c@table=\count270
\abovecaptionskip=\skip49
\belowcaptionskip=\skip50
\bibindent=\dimen141
)
LaTeX Info: Redefining \and on input line 35.
)
(C:\Users\FX506\AppData\Local\Programs\MiKTeX\tex/latex/base\inputenc.sty
Package: inputenc 2024/02/08 v1.3d Input encoding file
\inpenc@prehook=\toks17
\inpenc@posthook=\toks18
)
   defining Unicode char U+00A0 (decimal 160)
   defining Unicode char U+2500 (decimal 9472)
   defining Unicode char U+2502 (decimal 9474)
   defining Unicode char U+2514 (decimal 9492)
   defining Unicode char U+251C (decimal 9500)
   defining Unicode char U+2572 (decimal 9586)

(C:\Users\FX506\AppData\Local\Programs\MiKTeX\tex/latex/cmap\cmap.sty
Package: cmap 2021/02/06 v1.0j CMap support: searchable PDF
)
(C:\Users\FX506\AppData\Local\Programs\MiKTeX\tex/latex/base\fontenc.sty
Package: fontenc 2021/04/29 v2.0v Standard LaTeX package
<<t1.cmap>>)
(C:\Users\FX506\AppData\Local\Programs\MiKTeX\tex/latex/amsmath\amsmath.sty
Package: amsmath 2024/11/05 v2.17t AMS math features
\@mathmargin=\skip51

For additional information on amsmath, use the `?' option.
(C:\Users\FX506\AppData\Local\Programs\MiKTeX\tex/latex/amsmath\amstext.sty
Package: amstext 2021/08/26 v2.01 AMS text

(C:\Users\FX506\AppData\Local\Programs\MiKTeX\tex/latex/amsmath\amsgen.sty
File: amsgen.sty 1999/11/30 v2.0 generic functions
\@emptytoks=\toks19
\ex@=\dimen142
))
(C:\Users\FX506\AppData\Local\Programs\MiKTeX\tex/latex/amsmath\amsbsy.sty
Package: amsbsy 1999/11/29 v1.2d Bold Symbols
\pmbraise@=\dimen143
)
(C:\Users\FX506\AppData\Local\Programs\MiKTeX\tex/latex/amsmath\amsopn.sty
Package: amsopn 2022/04/08 v2.04 operator names
)
\inf@bad=\count271
LaTeX Info: Redefining \frac on input line 233.
\uproot@=\count272
\leftroot@=\count273
LaTeX Info: Redefining \overline on input line 398.
LaTeX Info: Redefining \colon on input line 409.
\classnum@=\count274
\DOTSCASE@=\count275
LaTeX Info: Redefining \ldots on input line 495.
LaTeX Info: Redefining \dots on input line 498.
LaTeX Info: Redefining \cdots on input line 619.
\Mathstrutbox@=\box52
\strutbox@=\box53
LaTeX Info: Redefining \big on input line 721.
LaTeX Info: Redefining \Big on input line 722.
LaTeX Info: Redefining \bigg on input line 723.
LaTeX Info: Redefining \Bigg on input line 724.
\big@size=\dimen144
LaTeX Font Info:    Redeclaring font encoding OML on input line 742.
LaTeX Font Info:    Redeclaring font encoding OMS on input line 743.
\macc@depth=\count276
LaTeX Info: Redefining \bmod on input line 904.
LaTeX Info: Redefining \pmod on input line 909.
LaTeX Info: Redefining \smash on input line 939.
LaTeX Info: Redefining \relbar on input line 969.
LaTeX Info: Redefining \Relbar on input line 970.
\c@MaxMatrixCols=\count277
\dotsspace@=\muskip17
\c@parentequation=\count278
\dspbrk@lvl=\count279
\tag@help=\toks20
\row@=\count280
\column@=\count281
\maxfields@=\count282
\andhelp@=\toks21
\eqnshift@=\dimen145
\alignsep@=\dimen146
\tagshift@=\dimen147
\tagwidth@=\dimen148
\totwidth@=\dimen149
\lineht@=\dimen150
\@envbody=\toks22
\multlinegap=\skip52
\multlinetaggap=\skip53
\mathdisplay@stack=\toks23
LaTeX Info: Redefining \[ on input line 2953.
LaTeX Info: Redefining \] on input line 2954.
)
(C:\Users\FX506\AppData\Local\Programs\MiKTeX\tex/latex/amsfonts\amssymb.sty
Package: amssymb 2013/01/14 v3.01 AMS font symbols

(C:\Users\FX506\AppData\Local\Programs\MiKTeX\tex/latex/amsfonts\amsfonts.sty
Package: amsfonts 2013/01/14 v3.01 Basic AMSFonts support
\symAMSa=\mathgroup4
\symAMSb=\mathgroup5
LaTeX Font Info:    Redeclaring math symbol \hbar on input line 98.
LaTeX Font Info:    Overwriting math alphabet `\mathfrak' in version `bold'
(Font)                  U/euf/m/n --> U/euf/b/n on input line 106.
)) (C:\Users\FX506\AppData\Local\Programs\MiKTeX\tex/generic/babel\babel.sty
Package: babel 2025/01/01 v25.1 The multilingual framework for pdfLaTeX, LuaLaT
eX and XeLaTeX
\babel@savecnt=\count283
\U@D=\dimen151
\l@unhyphenated=\language79

(C:\Users\FX506\AppData\Local\Programs\MiKTeX\tex/generic/babel\txtbabel.def)
\bbl@readstream=\read2
\bbl@dirlevel=\count284

*************************************
* Local config file bblopts.cfg used
*
(C:\Users\FX506\AppData\Local\Programs\MiKTeX\tex/latex/arabi\bblopts.cfg
File: bblopts.cfg 2005/09/08 v0.1 add Arabic and Farsi to "declared" options of
 babel
)
(C:\Users\FX506\AppData\Local\Programs\MiKTeX\tex/latex/babel-spanish\spanish.l
df
Language: spanish.ldf 2021/05/27 v5.0q Spanish support from the babel system
\es@quottoks=\toks24
\es@quotdepth=\count285
Package babel Info: Making " an active character on input line 570.
Package babel Info: Making . an active character on input line 675.
Package babel Info: Making < an active character on input line 722.
Package babel Info: Making > an active character on input line 722.
))
(C:\Users\FX506\AppData\Local\Programs\MiKTeX\tex/generic/babel/locale/es\babel
-spanish.tex
Package babel Info: Importing font and identification data for spanish
(babel)             from babel-es.ini. Reported on input line 11.
)
(C:\Users\FX506\AppData\Local\Programs\MiKTeX\tex/latex/psnfss\times.sty
Package: times 2020/03/25 PSNFSS-v9.3 (SPQR) 
)
(C:\Users\FX506\AppData\Local\Programs\MiKTeX\tex/latex/fncychap\fncychap.sty
Package: fncychap 2007/07/30 v1.34 LaTeX package (Revised chapters)
\RW=\skip54
\mylen=\skip55
\myhi=\skip56
\px=\skip57
\py=\skip58
\pyy=\skip59
\pxx=\skip60
)
(sphinx.sty
Package: sphinx 2024/10/11 v8.1.1 Sphinx LaTeX package (sphinx-doc)

(C:\Users\FX506\AppData\Local\Programs\MiKTeX\tex/generic/ltxcmds\ltxcmds.sty
Package: ltxcmds 2023-12-04 v1.26 LaTeX kernel commands for general use (HO)
)
(C:\Users\FX506\AppData\Local\Programs\MiKTeX\tex/latex/xcolor\xcolor.sty
Package: xcolor 2024/09/29 v3.02 LaTeX color extensions (UK)

(C:\Users\FX506\AppData\Local\Programs\MiKTeX\tex/latex/graphics-cfg\color.cfg
File: color.cfg 2016/01/02 v1.6 sample color configuration
)
Package xcolor Info: Driver file: pdftex.def on input line 274.

(C:\Users\FX506\AppData\Local\Programs\MiKTeX\tex/latex/graphics-def\pdftex.def
File: pdftex.def 2024/04/13 v1.2c Graphics/color driver for pdftex
)
(C:\Users\FX506\AppData\Local\Programs\MiKTeX\tex/latex/graphics\mathcolor.ltx)
Package xcolor Info: Model `cmy' substituted by `cmy0' on input line 1349.
Package xcolor Info: Model `hsb' substituted by `rgb' on input line 1353.
Package xcolor Info: Model `RGB' extended on input line 1365.
Package xcolor Info: Model `HTML' substituted by `rgb' on input line 1367.
Package xcolor Info: Model `Hsb' substituted by `hsb' on input line 1368.
Package xcolor Info: Model `tHsb' substituted by `hsb' on input line 1369.
Package xcolor Info: Model `HSB' substituted by `hsb' on input line 1370.
Package xcolor Info: Model `Gray' substituted by `gray' on input line 1371.
Package xcolor Info: Model `wave' substituted by `hsb' on input line 1372.
)
(C:\Users\FX506\AppData\Local\Programs\MiKTeX\tex/latex/kvoptions\kvoptions.sty
Package: kvoptions 2022-06-15 v3.15 Key value format for package options (HO)
(C:\Users\FX506\AppData\Local\Programs\MiKTeX\tex/latex/graphics\keyval.sty
Package: keyval 2022/05/29 v1.15 key=value parser (DPC)
\KV@toks@=\toks25
)
(C:\Users\FX506\AppData\Local\Programs\MiKTeX\tex/latex/kvsetkeys\kvsetkeys.sty
Package: kvsetkeys 2022-10-05 v1.19 Key value parser (HO)
)) (sphinxoptionshyperref.sty
Package: sphinxoptionshyperref 2021/01/27 hyperref
) (sphinxoptionsgeometry.sty
Package: sphinxoptionsgeometry 2021/01/27 geometry
)
(C:\Users\FX506\AppData\Local\Programs\MiKTeX\tex/latex/base\textcomp.sty
Package: textcomp 2024/04/24 v2.1b Standard LaTeX package
)
(C:\Users\FX506\AppData\Local\Programs\MiKTeX\tex/latex/float\float.sty
Package: float 2001/11/08 v1.3d Float enhancements (AL)
\c@float@type=\count286
\float@exts=\toks26
\float@box=\box54
\@float@everytoks=\toks27
\@floatcapt=\box55
)
(C:\Users\FX506\AppData\Local\Programs\MiKTeX\tex/latex/wrapfig\wrapfig.sty
\wrapoverhang=\dimen152
\WF@size=\dimen153
\c@WF@wrappedlines=\count287
\WF@box=\box56
\WF@everypar=\toks28
Package: wrapfig 2003/01/31  v 3.6
)
(C:\Users\FX506\AppData\Local\Programs\MiKTeX\tex/latex/capt-of\capt-of.sty
Package: capt-of 2009/12/29 v0.2 standard captions outside of floats
)
(C:\Users\FX506\AppData\Local\Programs\MiKTeX\tex/latex/tools\multicol.sty
Package: multicol 2024/09/14 v1.9i multicolumn formatting (FMi)
\c@tracingmulticols=\count288
\mult@box=\box57
\multicol@leftmargin=\dimen154
\c@unbalance=\count289
\c@collectmore=\count290
\doublecol@number=\count291
\multicoltolerance=\count292
\multicolpretolerance=\count293
\full@width=\dimen155
\page@free=\dimen156
\premulticols=\dimen157
\postmulticols=\dimen158
\multicolsep=\skip61
\multicolbaselineskip=\skip62
\partial@page=\box58
\last@line=\box59
\mc@boxedresult=\box60
\maxbalancingoverflow=\dimen159
\mult@rightbox=\box61
\mult@grightbox=\box62
\mult@firstbox=\box63
\mult@gfirstbox=\box64
\@tempa=\box65
\@tempa=\box66
\@tempa=\box67
\@tempa=\box68
\@tempa=\box69
\@tempa=\box70
\@tempa=\box71
\@tempa=\box72
\@tempa=\box73
\@tempa=\box74
\@tempa=\box75
\@tempa=\box76
\@tempa=\box77
\@tempa=\box78
\@tempa=\box79
\@tempa=\box80
\@tempa=\box81
\@tempa=\box82
\@tempa=\box83
\@tempa=\box84
\@tempa=\box85
\@tempa=\box86
\@tempa=\box87
\@tempa=\box88
\@tempa=\box89
\@tempa=\box90
\@tempa=\box91
\@tempa=\box92
\@tempa=\box93
\@tempa=\box94
\@tempa=\box95
\@tempa=\box96
\@tempa=\box97
\@tempa=\box98
\@tempa=\box99
\@tempa=\box100
\c@minrows=\count294
\c@columnbadness=\count295
\c@finalcolumnbadness=\count296
\last@try=\dimen160
\multicolovershoot=\dimen161
\multicolundershoot=\dimen162
\mult@nat@firstbox=\box101
\colbreak@box=\box102
\mc@col@check@num=\count297
)
(C:\Users\FX506\AppData\Local\Programs\MiKTeX\tex/latex/graphics\graphicx.sty
Package: graphicx 2021/09/16 v1.2d Enhanced LaTeX Graphics (DPC,SPQR)

(C:\Users\FX506\AppData\Local\Programs\MiKTeX\tex/latex/graphics\graphics.sty
Package: graphics 2024/08/06 v1.4g Standard LaTeX Graphics (DPC,SPQR)

(C:\Users\FX506\AppData\Local\Programs\MiKTeX\tex/latex/graphics\trig.sty
Package: trig 2023/12/02 v1.11 sin cos tan (DPC)
)
(C:\Users\FX506\AppData\Local\Programs\MiKTeX\tex/latex/graphics-cfg\graphics.c
fg
File: graphics.cfg 2016/06/04 v1.11 sample graphics configuration
)
Package graphics Info: Driver file: pdftex.def on input line 106.
)
\Gin@req@height=\dimen163
\Gin@req@width=\dimen164
) (sphinxlatexgraphics.sty
Package: sphinxlatexgraphics 2024/08/13 v8.1.0 graphics
\spx@image@maxheight=\dimen165
\spx@image@box=\box103
) (sphinxpackageboxes.sty
Package: sphinxpackageboxes 2024/07/01 v7.4.0 advanced colored boxes

(C:\Users\FX506\AppData\Local\Programs\MiKTeX\tex/latex/pict2e\pict2e.sty
Package: pict2e 2020/09/30 v0.4b Improved picture commands (HjG,RN,JT)

(C:\Users\FX506\AppData\Local\Programs\MiKTeX\tex/latex/pict2e\pict2e.cfg
File: pict2e.cfg 2016/02/05 v0.1u pict2e configuration for teTeX/TeXLive
)
Package pict2e Info: Driver file: pdftex.def on input line 112.
Package pict2e Info: Driver file for pict2e: p2e-pdftex.def on input line 114.

(C:\Users\FX506\AppData\Local\Programs\MiKTeX\tex/latex/pict2e\p2e-pdftex.def
File: p2e-pdftex.def 2016/02/05 v0.1u Driver-dependant file (RN,HjG,JT)
)
\pIIe@GRAPH=\toks29
\@arclen=\dimen166
\@arcrad=\dimen167
\pIIe@tempdima=\dimen168
\pIIe@tempdimb=\dimen169
\pIIe@tempdimc=\dimen170
\pIIe@tempdimd=\dimen171
\pIIe@tempdime=\dimen172
\pIIe@tempdimf=\dimen173
) (C:\Users\FX506\AppData\Local\Programs\MiKTeX\tex/latex/ellipse\ellipse.sty
Package: ellipse 2004/11/05 v1.0 .dtx ellipse file
)
\@tempdimd=\dimen174
\spx@tempboxa=\box104
\spx@tempboxb=\box105
\spx@boxes@border@top=\dimen175
\spx@boxes@border@right=\dimen176
\spx@boxes@border@bottom=\dimen177
\spx@boxes@border@left=\dimen178
\spx@boxes@padding@top=\dimen179
\spx@boxes@padding@right=\dimen180
\spx@boxes@padding@bottom=\dimen181
\spx@boxes@padding@left=\dimen182
\spx@boxes@shadow@xoffset=\dimen183
\spx@boxes@shadow@yoffset=\dimen184
\spx@boxes@radius@topleft@x=\dimen185
\spx@boxes@radius@topright@x=\dimen186
\spx@boxes@radius@bottomright@x=\dimen187
\spx@boxes@radius@bottomleft@x=\dimen188
\spx@boxes@radius@topleft@y=\dimen189
\spx@boxes@radius@topright@y=\dimen190
\spx@boxes@radius@bottomright@y=\dimen191
\spx@boxes@radius@bottomleft@y=\dimen192
)
(sphinxlatexadmonitions.sty
Package: sphinxlatexadmonitions 2024/10/11 v8.1.1 admonitions

(C:\Users\FX506\AppData\Local\Programs\MiKTeX\tex/latex/framed\framed.sty
Package: framed 2011/10/22 v 0.96: framed or shaded text with page breaks
\OuterFrameSep=\skip63
\fb@frw=\dimen193
\fb@frh=\dimen194
\FrameRule=\dimen195
\FrameSep=\dimen196
)
(sphinxpackagefootnote.sty
Package: sphinxpackagefootnote 2024/05/17 v7.3.x Sphinx custom footnotehyper pa
ckage (Sphinx team)
\FNH@notes=\box106
\FNH@toks=\toks30
\FNH@width=\dimen197
\c@sphinxfootnotemark=\count298
)
\spx@notice@border=\dimen198
\c@sphinxtodo=\count299
) (sphinxlatexliterals.sty
Package: sphinxlatexliterals 2024/07/01 v7.4.0 code-blocks and parsed literals

(C:\Users\FX506\AppData\Local\Programs\MiKTeX\tex/latex/fancyvrb\fancyvrb.sty
Package: fancyvrb 2024/01/20 4.5c verbatim text (tvz,hv)
\FV@CodeLineNo=\count300
\FV@InFile=\read3
\FV@TabBox=\box107
\c@FancyVerbLine=\count301
\FV@StepNumber=\count302
\FV@OutFile=\write3
)
(C:\Users\FX506\AppData\Local\Programs\MiKTeX\tex/latex/base\alltt.sty
Package: alltt 2024/07/07 v2.0g defines alltt environment
)
(C:\Users\FX506\AppData\Local\Programs\MiKTeX\tex/latex/upquote\upquote.sty
Package: upquote 2012/04/19 v1.3 upright-quote and grave-accent glyphs in verba
tim
)
(C:\Users\FX506\AppData\Local\Programs\MiKTeX\tex/latex/needspace\needspace.sty
Package: needspace 2010/09/12 v1.3d reserve vertical space
)
\sphinxcontinuationbox=\box108
\sphinxvisiblespacebox=\box109
\sphinxVerbatim@TitleBox=\box110
\sphinxVerbatim@ContentsBox=\box111
) (sphinxlatexshadowbox.sty
Package: sphinxlatexshadowbox 2024/07/28 v8.1.0 sphinxShadowBox
) (sphinxlatexcontainers.sty
Package: sphinxlatexcontainers 2021/05/03 containers
) (sphinxhighlight.sty
Package: sphinxhighlight 2022/06/30 stylesheet for highlighting with pygments
) (sphinxlatextables.sty
Package: sphinxlatextables 2024/07/01 v7.4.0 tables

(C:\Users\FX506\AppData\Local\Programs\MiKTeX\tex/latex/tabulary\tabulary.sty
Package: tabulary 2024/06/04 v0.11 tabulary package (DPC)

(C:\Users\FX506\AppData\Local\Programs\MiKTeX\tex/latex/tools\array.sty
Package: array 2024/10/17 v2.6g Tabular extension package (FMi)
\col@sep=\dimen199
\ar@mcellbox=\box112
\extrarowheight=\dimen256
\NC@list=\toks31
\extratabsurround=\skip64
\backup@length=\skip65
\ar@cellbox=\box113
)
\TY@count=\count303
\TY@linewidth=\dimen257
\tymin=\dimen258
\tymax=\dimen259
\TY@tablewidth=\dimen260
)
(C:\Users\FX506\AppData\Local\Programs\MiKTeX\tex/latex/tools\longtable.sty
Package: longtable 2024-10-27 v4.22 Multi-page Table package (DPC)
\LTleft=\skip66
\LTright=\skip67
\LTpre=\skip68
\LTpost=\skip69
\LTchunksize=\count304
\LTcapwidth=\dimen261
\LT@head=\box114
\LT@firsthead=\box115
\LT@foot=\box116
\LT@lastfoot=\box117
\LT@gbox=\box118
\LT@cols=\count305
\LT@rows=\count306
\c@LT@tables=\count307
\c@LT@chunks=\count308
\LT@p@ftn=\toks32
)
(C:\Users\FX506\AppData\Local\Programs\MiKTeX\tex/latex/varwidth\varwidth.sty
Package: varwidth 2009/03/30 ver 0.92;  Variable-width minipages
\@vwid@box=\box119
\sift@deathcycles=\count309
\@vwid@loff=\dimen262
\@vwid@roff=\dimen263
)
\sphinx@TY@tablewidth=\dimen264

(C:\Users\FX506\AppData\Local\Programs\MiKTeX\tex/latex/colortbl\colortbl.sty
Package: colortbl 2024/07/06 v1.0i Color table columns (DPC)
\everycr=\toks33
\minrowclearance=\skip70
\rownum=\count310
)
(C:\Users\FX506\AppData\Local\Programs\MiKTeX\tex/latex/booktabs\booktabs.sty
Package: booktabs 2020/01/12 v1.61803398 Publication quality tables
\heavyrulewidth=\dimen265
\lightrulewidth=\dimen266
\cmidrulewidth=\dimen267
\belowrulesep=\dimen268
\belowbottomsep=\dimen269
\aboverulesep=\dimen270
\abovetopsep=\dimen271
\cmidrulesep=\dimen272
\cmidrulekern=\dimen273
\defaultaddspace=\dimen274
\@cmidla=\count311
\@cmidlb=\count312
\@aboverulesep=\dimen275
\@belowrulesep=\dimen276
\@thisruleclass=\count313
\@lastruleclass=\count314
\@thisrulewidth=\dimen277
)) (sphinxlatexnumfig.sty
Package: sphinxlatexnumfig 2024/07/31 v8.1.0 numbering
) (sphinxlatexlists.sty
Package: sphinxlatexlists 2021/12/20 lists
\spx@lineitemlabel=\toks34
)
\c@sphinxscope=\count315
 (sphinxlatexindbibtoc.sty
Package: sphinxlatexindbibtoc 2021/01/27 index, bib., toc

(C:\Users\FX506\AppData\Local\Programs\MiKTeX\tex/latex/base\makeidx.sty
Package: makeidx 2021/10/04 v1.0m Standard LaTeX package
))
(sphinxlatexstylepage.sty
Package: sphinxlatexstylepage 2021/01/27 page styling

(C:\Users\FX506\AppData\Local\Programs\MiKTeX\tex/latex/parskip\parskip.sty
Package: parskip 2021-03-14 v2.0h non-zero parskip adjustments

(C:\Users\FX506\AppData\Local\Programs\MiKTeX\tex/latex/etoolbox\etoolbox.sty
Package: etoolbox 2020/10/05 v2.5k e-TeX tools for LaTeX (JAW)
\etb@tempcnta=\count316
)) (C:\Users\FX506\AppData\Local\Programs\MiKTeX\tex/latex/fancyhdr\fancyhdr.st
y
Package: fancyhdr 2025/01/01 v5.0 Extensive control of page headers and footers

\f@nch@headwidth=\skip71
\f@nch@offset@elh=\skip72
\f@nch@offset@erh=\skip73
\f@nch@offset@olh=\skip74
\f@nch@offset@orh=\skip75
\f@nch@offset@elf=\skip76
\f@nch@offset@erf=\skip77
\f@nch@offset@olf=\skip78
\f@nch@offset@orf=\skip79
\f@nch@height=\skip80
\f@nch@footalignment=\skip81
\f@nch@widthL=\skip82
\f@nch@widthC=\skip83
\f@nch@widthR=\skip84
\@temptokenb=\toks35
)) (sphinxlatexstyleheadings.sty
Package: sphinxlatexstyleheadings 2023/02/11 headings

(C:\Users\FX506\AppData\Local\Programs\MiKTeX\tex/latex/titlesec\titlesec.sty
Package: titlesec 2023/10/27 v2.16 Sectioning titles
\ttl@box=\box120
\beforetitleunit=\skip85
\aftertitleunit=\skip86
\ttl@plus=\dimen278
\ttl@minus=\dimen279
\ttl@toksa=\toks36
\titlewidth=\dimen280
\titlewidthlast=\dimen281
\titlewidthfirst=\dimen282
)) (sphinxlatexstyletext.sty
Package: sphinxlatexstyletext 2024/07/28 v8.1.0 text styling
) (sphinxlatexobjects.sty
Package: sphinxlatexobjects 2023/07/23 documentation environments
\sphinxsignaturesep=\skip87
\sphinxsignaturelistskip=\skip88
\py@argswidth=\skip89
\lineblockindentation=\skip90
\DUlineblockindent=\skip91
))
(C:\Users\FX506\AppData\Local\Programs\MiKTeX\tex/latex/geometry\geometry.sty
Package: geometry 2020/01/02 v5.9 Page Geometry

(C:\Users\FX506\AppData\Local\Programs\MiKTeX\tex/generic/iftex\ifvtex.sty
Package: ifvtex 2019/10/25 v1.7 ifvtex legacy package. Use iftex instead.

(C:\Users\FX506\AppData\Local\Programs\MiKTeX\tex/generic/iftex\iftex.sty
Package: iftex 2024/12/12 v1.0g TeX engine tests
))
\Gm@cnth=\count317
\Gm@cntv=\count318
\c@Gm@tempcnt=\count319
\Gm@bindingoffset=\dimen283
\Gm@wd@mp=\dimen284
\Gm@odd@mp=\dimen285
\Gm@even@mp=\dimen286
\Gm@layoutwidth=\dimen287
\Gm@layoutheight=\dimen288
\Gm@layouthoffset=\dimen289
\Gm@layoutvoffset=\dimen290
\Gm@dimlist=\toks37

(C:\Users\FX506\AppData\Local\Programs\MiKTeX\tex/latex/geometry\geometry.cfg))
(C:\Users\FX506\AppData\Local\Programs\MiKTeX\tex/latex/hyperref\hyperref.sty
Package: hyperref 2024-11-05 v7.01l Hypertext links for LaTeX

(C:\Users\FX506\AppData\Local\Programs\MiKTeX\tex/generic/kvdefinekeys\kvdefine
keys.sty
Package: kvdefinekeys 2019-12-19 v1.6 Define keys (HO)
)
(C:\Users\FX506\AppData\Local\Programs\MiKTeX\tex/generic/pdfescape\pdfescape.s
ty
Package: pdfescape 2019/12/09 v1.15 Implements pdfTeX's escape features (HO)

(C:\Users\FX506\AppData\Local\Programs\MiKTeX\tex/generic/pdftexcmds\pdftexcmds
.sty
Package: pdftexcmds 2020-06-27 v0.33 Utility functions of pdfTeX for LuaTeX (HO
)

(C:\Users\FX506\AppData\Local\Programs\MiKTeX\tex/generic/infwarerr\infwarerr.s
ty
Package: infwarerr 2019/12/03 v1.5 Providing info/warning/error messages (HO)
)
Package pdftexcmds Info: \pdf@primitive is available.
Package pdftexcmds Info: \pdf@ifprimitive is available.
Package pdftexcmds Info: \pdfdraftmode found.
))
(C:\Users\FX506\AppData\Local\Programs\MiKTeX\tex/latex/hycolor\hycolor.sty
Package: hycolor 2020-01-27 v1.10 Color options for hyperref/bookmark (HO)
)
(C:\Users\FX506\AppData\Local\Programs\MiKTeX\tex/latex/hyperref\nameref.sty
Package: nameref 2023-11-26 v2.56 Cross-referencing by name of section

(C:\Users\FX506\AppData\Local\Programs\MiKTeX\tex/latex/refcount\refcount.sty
Package: refcount 2019/12/15 v3.6 Data extraction from label references (HO)
)
(C:\Users\FX506\AppData\Local\Programs\MiKTeX\tex/generic/gettitlestring\gettit
lestring.sty
Package: gettitlestring 2019/12/15 v1.6 Cleanup title references (HO)
)
\c@section@level=\count320
)
(C:\Users\FX506\AppData\Local\Programs\MiKTeX\tex/generic/stringenc\stringenc.s
ty
Package: stringenc 2019/11/29 v1.12 Convert strings between diff. encodings (HO
)
)
\@linkdim=\dimen291
\Hy@linkcounter=\count321
\Hy@pagecounter=\count322
 (C:\Users\FX506\AppData\Local\Programs\MiKTeX\tex/latex/hyperref\pd1enc.def
File: pd1enc.def 2024-11-05 v7.01l Hyperref: PDFDocEncoding definition (HO)
Now handling font encoding PD1 ...
... no UTF-8 mapping file for font encoding PD1
) (C:\Users\FX506\AppData\Local\Programs\MiKTeX\tex/generic/intcalc\intcalc.sty
Package: intcalc 2019/12/15 v1.3 Expandable calculations with integers (HO)
)
\Hy@SavedSpaceFactor=\count323
 (C:\Users\FX506\AppData\Local\Programs\MiKTeX\tex/latex/hyperref\puenc.def
File: puenc.def 2024-11-05 v7.01l Hyperref: PDF Unicode definition (HO)
Now handling font encoding PU ...
... no UTF-8 mapping file for font encoding PU
)
Package hyperref Info: Option `unicode' set `true' on input line 4040.
Package hyperref Info: Option `colorlinks' set `true' on input line 4040.
Package hyperref Info: Option `breaklinks' set `true' on input line 4040.
Package hyperref Info: Hyper figures OFF on input line 4157.
Package hyperref Info: Link nesting OFF on input line 4162.
Package hyperref Info: Hyper index ON on input line 4165.
Package hyperref Info: Plain pages OFF on input line 4172.
Package hyperref Info: Backreferencing OFF on input line 4177.
Package hyperref Info: Implicit mode ON; LaTeX internals redefined.
Package hyperref Info: Bookmarks ON on input line 4424.
\c@Hy@tempcnt=\count324

(C:\Users\FX506\AppData\Local\Programs\MiKTeX\tex/latex/url\url.sty
\Urlmuskip=\muskip18
Package: url 2013/09/16  ver 3.4  Verb mode for urls, etc.
)
LaTeX Info: Redefining \url on input line 4763.
\XeTeXLinkMargin=\dimen292

(C:\Users\FX506\AppData\Local\Programs\MiKTeX\tex/generic/bitset\bitset.sty
Package: bitset 2019/12/09 v1.3 Handle bit-vector datatype (HO)

(C:\Users\FX506\AppData\Local\Programs\MiKTeX\tex/generic/bigintcalc\bigintcalc
.sty
Package: bigintcalc 2019/12/15 v1.5 Expandable calculations on big integers (HO
)
))
\Fld@menulength=\count325
\Field@Width=\dimen293
\Fld@charsize=\dimen294
Package hyperref Info: Hyper figures OFF on input line 6042.
Package hyperref Info: Link nesting OFF on input line 6047.
Package hyperref Info: Hyper index ON on input line 6050.
Package hyperref Info: backreferencing OFF on input line 6057.
Package hyperref Info: Link coloring ON on input line 6060.
Package hyperref Info: Link coloring with OCG OFF on input line 6067.
Package hyperref Info: PDF/A mode OFF on input line 6072.

(C:\Users\FX506\AppData\Local\Programs\MiKTeX\tex/latex/base\atbegshi-ltx.sty
Package: atbegshi-ltx 2021/01/10 v1.0c Emulation of the original atbegshi
package with kernel methods
)
\Hy@abspage=\count326
\c@Item=\count327
\c@Hfootnote=\count328
)
Package hyperref Info: Driver (autodetected): hpdftex.
(C:\Users\FX506\AppData\Local\Programs\MiKTeX\tex/latex/hyperref\hpdftex.def
File: hpdftex.def 2024-11-05 v7.01l Hyperref driver for pdfTeX

(C:\Users\FX506\AppData\Local\Programs\MiKTeX\tex/latex/base\atveryend-ltx.sty
Package: atveryend-ltx 2020/08/19 v1.0a Emulation of the original atveryend pac
kage
with kernel methods
)
\Fld@listcount=\count329
\c@bookmark@seq@number=\count330

(C:\Users\FX506\AppData\Local\Programs\MiKTeX\tex/latex/rerunfilecheck\rerunfil
echeck.sty
Package: rerunfilecheck 2022-07-10 v1.10 Rerun checks for auxiliary files (HO)

(C:\Users\FX506\AppData\Local\Programs\MiKTeX\tex/generic/uniquecounter\uniquec
ounter.sty
Package: uniquecounter 2019/12/15 v1.4 Provide unlimited unique counter (HO)
)
Package uniquecounter Info: New unique counter `rerunfilecheck' on input line 2
85.
)
\Hy@SectionHShift=\skip92
)
(C:\Users\FX506\AppData\Local\Programs\MiKTeX\tex/latex/hypcap\hypcap.sty
Package: hypcap 2024-07-26 v1.13 Adjusting the anchors of captions (HO)

(C:\Users\FX506\AppData\Local\Programs\MiKTeX\tex/latex/letltxmacro\letltxmacro
.sty
Package: letltxmacro 2019/12/03 v1.6 Let assignment for LaTeX macros (HO)
)) (sphinxmessages.sty
Package: sphinxmessages 2019/01/04 v2.0 Localized LaTeX macros (Sphinx team)
)
\@indexfile=\write4
\openout4 = `proyecto_tema_5_boletin_1.idx'.


Writing index file proyecto_tema_5_boletin_1.idx
LaTeX Font Info:    Trying to load font information for T1+ptm on input line 73
.
(C:\Users\FX506\AppData\Local\Programs\MiKTeX\tex/latex/psnfss\t1ptm.fd
File: t1ptm.fd 2001/06/04 font definitions for T1/ptm.
)
(C:\Users\FX506\AppData\Local\Programs\MiKTeX\tex/latex/l3backend\l3backend-pdf
tex.def
File: l3backend-pdftex.def 2024-05-08 L3 backend support: PDF output (pdfTeX)
\l__color_backend_stack_int=\count331
\l__pdf_internal_box=\box121
) (proyecto_tema_5_boletin_1.aux
LaTeX Info: Redefining \. on input line 11.
LaTeX Info: Redefining \% on input line 11.
)
\openout1 = `proyecto_tema_5_boletin_1.aux'.

LaTeX Font Info:    Checking defaults for OML/cmm/m/it on input line 73.
LaTeX Font Info:    ... okay on input line 73.
LaTeX Font Info:    Checking defaults for OMS/cmsy/m/n on input line 73.
LaTeX Font Info:    ... okay on input line 73.
LaTeX Font Info:    Checking defaults for OT1/cmr/m/n on input line 73.
LaTeX Font Info:    ... okay on input line 73.
LaTeX Font Info:    Checking defaults for T1/cmr/m/n on input line 73.
LaTeX Font Info:    ... okay on input line 73.
LaTeX Font Info:    Checking defaults for TS1/cmr/m/n on input line 73.
LaTeX Font Info:    ... okay on input line 73.
LaTeX Font Info:    Checking defaults for OMX/cmex/m/n on input line 73.
LaTeX Font Info:    ... okay on input line 73.
LaTeX Font Info:    Checking defaults for U/cmr/m/n on input line 73.
LaTeX Font Info:    ... okay on input line 73.
LaTeX Font Info:    Checking defaults for PD1/pdf/m/n on input line 73.
LaTeX Font Info:    ... okay on input line 73.
LaTeX Font Info:    Checking defaults for PU/pdf/m/n on input line 73.
LaTeX Font Info:    ... okay on input line 73.
LaTeX Info: Redefining \. on input line 73.
LaTeX Info: Redefining \% on input line 73.

(C:\Users\FX506\AppData\Local\Programs\MiKTeX\tex/context/base/mkii\supp-pdf.mk
ii
[Loading MPS to PDF converter (version 2006.09.02).]
\scratchcounter=\count332
\scratchdimen=\dimen295
\scratchbox=\box122
\nofMPsegments=\count333
\nofMParguments=\count334
\everyMPshowfont=\toks38
\MPscratchCnt=\count335
\MPscratchDim=\dimen296
\MPnumerator=\count336
\makeMPintoPDFobject=\count337
\everyMPtoPDFconversion=\toks39
)
(C:\Users\FX506\AppData\Local\Programs\MiKTeX\tex/latex/epstopdf-pkg\epstopdf-b
ase.sty
Package: epstopdf-base 2020-01-24 v2.11 Base part for package epstopdf
Package epstopdf-base Info: Redefining graphics rule for `.eps' on input line 4
85.

(C:\Users\FX506\AppData\Local\Programs\MiKTeX\tex/latex/00miktex\epstopdf-sys.c
fg
File: epstopdf-sys.cfg 2021/03/18 v2.0 Configuration of epstopdf for MiKTeX
))
(C:\Users\FX506\AppData\Local\Programs\MiKTeX\tex/latex/fontawesome5\fontawesom
e5.sty
(C:\Users\FX506\AppData\Local\Programs\MiKTeX\tex/latex/l3kernel\expl3.sty
Package: expl3 2024-12-09 L3 programming layer (loader) 
)
Package: fontawesome5 2022/05/02 v5.15.4 Font Awesome 5

(C:\Users\FX506\AppData\Local\Programs\MiKTeX\tex/latex/l3packages/l3keys2e\l3k
eys2e.sty
Package: l3keys2e 2024-08-16 LaTeX2e option processing using LaTeX3 keys
)
(C:\Users\FX506\AppData\Local\Programs\MiKTeX\tex/latex/l3packages/xparse\xpars
e.sty
Package: xparse 2024-08-16 L3 Experimental document command parser
)
(C:\Users\FX506\AppData\Local\Programs\MiKTeX\tex/latex/fontawesome5\fontawesom
e5-generic-helper.sty
Package: fontawesome5-generic-helper 2022/05/02 v5.15.4 non-uTeX helper for fon
tawesome5

(C:\Users\FX506\AppData\Local\Programs\MiKTeX\tex/latex/fontawesome5\fontawesom
e5-mapping.def)))
\c@literalblock=\count338

Couldn't patch \ttl@straight@ii
Couldn't patch \ttl@straight@ii
*geometry* driver: auto-detecting
*geometry* detected driver: pdftex
*geometry* verbose mode - [ preamble ] result:
* driver: pdftex
* paper: a4paper
* layout: <same size as paper>
* layoutoffset:(h,v)=(0.0pt,0.0pt)
* modes: twoside 
* h-part:(L,W,R)=(72.26999pt, 452.9679pt, 72.26999pt)
* v-part:(T,H,B)=(72.26999pt, 700.50687pt, 72.26999pt)
* \paperwidth=597.50787pt
* \paperheight=845.04684pt
* \textwidth=452.9679pt
* \textheight=700.50687pt
* \oddsidemargin=0.0pt
* \evensidemargin=0.0pt
* \topmargin=-37.0pt
* \headheight=12.0pt
* \headsep=25.0pt
* \topskip=10.0pt
* \footskip=30.0pt
* \marginparwidth=36.135pt
* \marginparsep=11.0pt
* \columnsep=10.0pt
* \skip\footins=9.0pt plus 4.0pt minus 2.0pt
* \hoffset=0.0pt
* \voffset=0.0pt
* \mag=1000
* \@twocolumnfalse
* \@twosidetrue
* \@mparswitchtrue
* \@reversemarginfalse
* (1in=72.27pt=25.4mm, 1cm=28.453pt)

Package hyperref Info: Link coloring ON on input line 73.
(proyecto_tema_5_boletin_1.out) (proyecto_tema_5_boletin_1.out)
\@outlinefile=\write5
\openout5 = `proyecto_tema_5_boletin_1.out'.

<<ot1.cmap>><<oml.cmap>><<oms.cmap>><<omx.cmap>>
LaTeX Font Info:    Trying to load font information for U+msa on input line 81.


(C:\Users\FX506\AppData\Local\Programs\MiKTeX\tex/latex/amsfonts\umsa.fd
File: umsa.fd 2013/01/14 v3.01 AMS symbols A
)
LaTeX Font Info:    Trying to load font information for U+msb on input line 81.


(C:\Users\FX506\AppData\Local\Programs\MiKTeX\tex/latex/amsfonts\umsb.fd
File: umsb.fd 2013/01/14 v3.01 AMS symbols B
)

[1

{C:/Users/FX506/AppData/Local/MiKTeX/fonts/map/pdftex/pdftex.map}{C:/Users/FX50
6/AppData/Local/Programs/MiKTeX/fonts/enc/dvips/base/8r.enc}]

LaTeX Font Info:    Trying to load font information for T1+phv on input line 97
.
(C:\Users\FX506\AppData\Local\Programs\MiKTeX\tex/latex/psnfss\t1phv.fd
File: t1phv.fd 2020/03/25 scalable font definitions for T1/phv.
)
[2]
Cap\'{\i }tulo 1.
LaTeX Font Info:    Trying to load font information for T1+pcr on input line 10
7.
(C:\Users\FX506\AppData\Local\Programs\MiKTeX\tex/latex/psnfss\t1pcr.fd
File: t1pcr.fd 2001/06/04 font definitions for T1/pcr.
)
Underfull \hbox (badness 10000) in paragraph at lines 168--168
[]\T1/ptm/b/n/10 Sphinx-rtd-
 []


Underfull \hbox (badness 10000) in paragraph at lines 168--168
[]\T1/ptm/b/n/10 MyST-
 []


Overfull \hbox (12.26721pt too wide) in paragraph at lines 168--168
[]\T1/ptm/b/n/10 Sphinxcontrib-
 []



[3

]

LaTeX Info: Redefining \. on input line 273.
LaTeX Info: Redefining \% on input line 273.
[4]
<archivo_configuracion.png, id=324, 953.964pt x 566.115pt>
File: archivo_configuracion.png Graphic file (type png)
<use archivo_configuracion.png>
Package pdftex.def Info: archivo_configuracion.png  used on input line 308.
(pdftex.def)             Requested size: 452.9775pt x 268.8124pt.


LaTeX Info: Redefining \. on input line 384.
LaTeX Info: Redefining \% on input line 384.
[5 <./archivo_configuracion.png>]
<archivo_md.png, id=331, 915.42pt x 363.15675pt>
File: archivo_md.png Graphic file (type png)
<use archivo_md.png>
Package pdftex.def Info: archivo_md.png  used on input line 394.
(pdftex.def)             Requested size: 452.9597pt x 179.69942pt.


LaTeX Info: Redefining \. on input line 433.
LaTeX Info: Redefining \% on input line 433.
[6 <./archivo_md.png>]
<archivo_python.png, id=337, 953.964pt x 561.297pt>
File: archivo_python.png Graphic file (type png)
<use archivo_python.png>
Package pdftex.def Info: archivo_python.png  used on input line 450.
(pdftex.def)             Requested size: 452.9775pt x 266.52463pt.

Underfull \hbox (badness 10000) in paragraph at lines 502--502
[]\T1/ptm/b/n/10 sphinx-
 []

<flujo1.png, id=338, 947.9415pt x 137.313pt>
File: flujo1.png Graphic file (type png)
<use flujo1.png>
Package pdftex.def Info: flujo1.png  used on input line 514.
(pdftex.def)             Requested size: 452.96727pt x 65.61406pt.


LaTeX Info: Redefining \. on input line 518.
LaTeX Info: Redefining \% on input line 518.
[7 <./archivo_python.png>]
<flujo2.png, id=345, 955.77075pt x 155.98276pt>
File: flujo2.png Graphic file (type png)
<use flujo2.png>
Package pdftex.def Info: flujo2.png  used on input line 521.
(pdftex.def)             Requested size: 452.97496pt x 73.92596pt.
<documentacion.png, id=346, 1156.32pt x 451.6875pt>
File: documentacion.png Graphic file (type png)
<use documentacion.png>
Package pdftex.def Info: documentacion.png  used on input line 534.
(pdftex.def)             Requested size: 452.95676pt x 176.94312pt.
LaTeX Font Info:    Font shape `T1/pcr/m/it' in size <10> not available
(Font)              Font shape `T1/pcr/m/sl' tried instead on input line 553.


LaTeX Info: Redefining \. on input line 602.
LaTeX Info: Redefining \% on input line 602.
[8 <./flujo1.png> <./flujo2.png> <./documentacion.png>]
Underfull \hbox (badness 10000) in paragraph at lines 791--791
[]\T1/phv/b/n/10 Pa-rá-me-
 []



LaTeX Info: Redefining \. on input line 794.
LaTeX Info: Redefining \% on input line 794.
[9]
<indice.png, id=367, 1156.32pt x 514.3215pt>
File: indice.png Graphic file (type png)
<use indice.png>
Package pdftex.def Info: indice.png  used on input line 803.
(pdftex.def)             Requested size: 452.95676pt x 201.47923pt.


LaTeX Info: Redefining \. on input line 839.
LaTeX Info: Redefining \% on input line 839.
[10 <./indice.png>]
Underfull \hbox (badness 10000) in paragraph at lines 870--870
[]\T1/phv/b/n/10 Co-man-
 []


Underfull \hbox (badness 10000) in paragraph at lines 870--870
[]\T1/ptm/b/n/10 .\ma-
 []


Underfull \hbox (badness 10000) in paragraph at lines 870--870
\T1/ptm/b/n/10 ke.bat
 []


Underfull \hbox (badness 10000) in paragraph at lines 870--870
[]\T1/ptm/b/n/10 .\ma-
 []


Underfull \hbox (badness 10000) in paragraph at lines 870--870
\T1/ptm/b/n/10 ke.bat
 []

<nueva_configuracion.png, id=373, 947.33925pt x 239.6955pt>
File: nueva_configuracion.png Graphic file (type png)
<use nueva_configuracion.png>
Package pdftex.def Info: nueva_configuracion.png  used on input line 891.
(pdftex.def)             Requested size: 452.9686pt x 114.60997pt.

Overfull \hbox (3.85522pt too wide) in paragraph at lines 972--972
[]\T1/phv/b/n/10 Com-
 []


Underfull \hbox (badness 10000) in paragraph at lines 972--972
\T1/phv/b/n/10 po-
 []


Underfull \hbox (badness 10000) in paragraph at lines 972--972
\T1/phv/b/n/10 nen-
 []


Overfull \hbox (3.12495pt too wide) in paragraph at lines 972--972
[]\T1/ptm/b/n/10 /build| 
 []


Overfull \hbox (2.93503pt too wide) in paragraph at lines 972--972
[]\T1/ptm/b/n/10 /sour-
 []


Overfull \hbox (1.63512pt too wide) in paragraph at lines 972--972
[]\T1/ptm/b/n/10 /_sta-
 []


Overfull \hbox (5.51512pt too wide) in paragraph at lines 972--972
[]\T1/ptm/b/n/10 /_tem-
 []


Underfull \hbox (badness 10000) in paragraph at lines 972--972
\T1/ptm/b/n/10 pla-
 []


Overfull \hbox (9.54529pt too wide) in paragraph at lines 972--972
[]\T1/ptm/b/n/10 conf.py| 
 []


Underfull \hbox (badness 10000) in paragraph at lines 972--972
[]\T1/ptm/b/n/10 in-
 []


Overfull \hbox (7.46509pt too wide) in paragraph at lines 972--972
\T1/ptm/b/n/10 dex.rst| 
 []


Underfull \hbox (badness 10000) in paragraph at lines 972--972
[]\T1/ptm/b/n/10 ma-
 []


Overfull \hbox (4.5952pt too wide) in paragraph at lines 972--972
\T1/ptm/b/n/10 ke.bat| 
 []


Underfull \hbox (badness 10000) in paragraph at lines 972--972
[]\T1/ptm/b/n/10 Ma-
 []


Underfull \hbox (badness 10000) in paragraph at lines 972--972
\T1/ptm/b/n/10 ke-fi-
 []



LaTeX Info: Redefining \. on input line 975.
LaTeX Info: Redefining \% on input line 975.
[11 <./nueva_configuracion.png>]

LaTeX Info: Redefining \. on input line 1018.
LaTeX Info: Redefining \% on input line 1018.
[12]
Cap\'{\i }tulo 2.

Overfull \hbox (21.1488pt too wide) in paragraph at lines 1115--1115
[]\T1/ptm/b/n/10 ..env\Scripts\activate| 
 []


Underfull \hbox (badness 10000) in paragraph at lines 1115--1115
[]\T1/ptm/b/n/10 pip ins-tall
 []


Underfull \hbox (badness 10000) in paragraph at lines 1115--1115
\T1/ptm/b/n/10 rtd-theme
 []


Underfull \hbox (badness 10000) in paragraph at lines 1115--1115
\T1/ptm/b/n/10 myst-parser
 []


Underfull \hbox (badness 10000) in paragraph at lines 1115--1115
\T1/ptm/b/n/10 sphinxcontrib-
 []


Underfull \hbox (badness 10000) in paragraph at lines 1115--1115
[]\T1/ptm/m/n/10 Es-te co-man-do ins-ta-la las li-bre-rías ne-ce-sa-rias pa-ra 
el pro-yec-to: \T1/pcr/m/n/10 Sphinx\T1/ptm/m/n/10 ,
 []


Underfull \hbox (badness 10000) in paragraph at lines 1115--1115
[]\T1/ptm/b/n/10 sphinx-
 []


Underfull \hbox (badness 10000) in paragraph at lines 1115--1115
\T1/ptm/b/n/10 quickstart
 []


Underfull \hbox (badness 10000) in paragraph at lines 1115--1115
[]\T1/ptm/b/n/10 .\ma-ke.bat
 []


Underfull \hbox (badness 10000) in paragraph at lines 1115--1115
[]\T1/ptm/b/n/10 sphinx-build
 []


Underfull \hbox (badness 10000) in paragraph at lines 1115--1115
\T1/ptm/b/n/10 -b html .
 []


Underfull \hbox (badness 10000) in paragraph at lines 1115--1115
[]\T1/ptm/b/n/10 .\ma-ke.bat
 []



[13

]

LaTeX Info: Redefining \. on input line 1122.
LaTeX Info: Redefining \% on input line 1122.
[14

]
Cap\'{\i }tulo 3.
LaTeX Font Info:    Trying to load font information for U+fontawesomefree1 on i
nput line 1135.

(C:\Users\FX506\AppData\Local\Programs\MiKTeX\tex/latex/fontawesome5\ufontaweso
mefree1.fd)

[15{C:/Users/FX506/AppData/Local/Programs/MiKTeX/fonts/enc/dvips/fontawesome5/f
a5free1.enc}]

Package textcomp Warning: Symbol \textasciigrave not provided by
(textcomp)                font family pcr in TS1 encoding.
(textcomp)                Default family used instead on input line 1238.


Package textcomp Warning: Symbol \textasciigrave not provided by
(textcomp)                font family pcr in TS1 encoding.
(textcomp)                Default family used instead on input line 1238.


Package textcomp Warning: Symbol \textasciigrave not provided by
(textcomp)                font family pcr in TS1 encoding.
(textcomp)                Default family used instead on input line 1240.


Package textcomp Warning: Symbol \textasciigrave not provided by
(textcomp)                font family pcr in TS1 encoding.
(textcomp)                Default family used instead on input line 1240.



LaTeX Info: Redefining \. on input line 1254.
LaTeX Info: Redefining \% on input line 1254.
[16]
LaTeX Font Info:    Trying to load font information for TS1+ptm on input line 1
291.
 (C:\Users\FX506\AppData\Local\Programs\MiKTeX\tex/latex/psnfss\ts1ptm.fd
File: ts1ptm.fd 2001/06/04 font definitions for TS1/ptm.
)

LaTeX Info: Redefining \. on input line 1380.
LaTeX Info: Redefining \% on input line 1380.
[17]

LaTeX Info: Redefining \. on input line 1452.
LaTeX Info: Redefining \% on input line 1452.
[18]

Package textcomp Warning: Symbol \textasciigrave not provided by
(textcomp)                font family pcr in TS1 encoding.
(textcomp)                Default family used instead on input line 1472.


Package textcomp Warning: Symbol \textasciigrave not provided by
(textcomp)                font family pcr in TS1 encoding.
(textcomp)                Default family used instead on input line 1472.


Package textcomp Warning: Symbol \textasciigrave not provided by
(textcomp)                font family pcr in TS1 encoding.
(textcomp)                Default family used instead on input line 1472.

LaTeX Font Info:    Trying to load font information for U+fontawesomefree2 on i
nput line 1499.

(C:\Users\FX506\AppData\Local\Programs\MiKTeX\tex/latex/fontawesome5\ufontaweso
mefree2.fd)

Package textcomp Warning: Symbol \textasciigrave not provided by
(textcomp)                font family pcr in TS1 encoding.
(textcomp)                Default family used instead on input line 1511.


Package textcomp Warning: Symbol \textasciigrave not provided by
(textcomp)                font family pcr in TS1 encoding.
(textcomp)                Default family used instead on input line 1511.


Package textcomp Warning: Symbol \textasciigrave not provided by
(textcomp)                font family pcr in TS1 encoding.
(textcomp)                Default family used instead on input line 1511.


Package textcomp Warning: Symbol \textasciigrave not provided by
(textcomp)                font family pcr in TS1 encoding.
(textcomp)                Default family used instead on input line 1513.


Package textcomp Warning: Symbol \textasciigrave not provided by
(textcomp)                font family pcr in TS1 encoding.
(textcomp)                Default family used instead on input line 1513.


Package textcomp Warning: Symbol \textasciigrave not provided by
(textcomp)                font family pcr in TS1 encoding.
(textcomp)                Default family used instead on input line 1513.


Package textcomp Warning: Symbol \textasciigrave not provided by
(textcomp)                font family pcr in TS1 encoding.
(textcomp)                Default family used instead on input line 1515.


Package textcomp Warning: Symbol \textasciigrave not provided by
(textcomp)                font family pcr in TS1 encoding.
(textcomp)                Default family used instead on input line 1515.


Package textcomp Warning: Symbol \textasciigrave not provided by
(textcomp)                font family pcr in TS1 encoding.
(textcomp)                Default family used instead on input line 1515.


Package textcomp Warning: Symbol \textasciigrave not provided by
(textcomp)                font family pcr in TS1 encoding.
(textcomp)                Default family used instead on input line 1517.


Package textcomp Warning: Symbol \textasciigrave not provided by
(textcomp)                font family pcr in TS1 encoding.
(textcomp)                Default family used instead on input line 1517.


Package textcomp Warning: Symbol \textasciigrave not provided by
(textcomp)                font family pcr in TS1 encoding.
(textcomp)                Default family used instead on input line 1517.


Package textcomp Warning: Symbol \textasciigrave not provided by
(textcomp)                font family pcr in TS1 encoding.
(textcomp)                Default family used instead on input line 1519.


Package textcomp Warning: Symbol \textasciigrave not provided by
(textcomp)                font family pcr in TS1 encoding.
(textcomp)                Default family used instead on input line 1519.


Package textcomp Warning: Symbol \textasciigrave not provided by
(textcomp)                font family pcr in TS1 encoding.
(textcomp)                Default family used instead on input line 1519.


Package textcomp Warning: Symbol \textasciigrave not provided by
(textcomp)                font family pcr in TS1 encoding.
(textcomp)                Default family used instead on input line 1521.


Package textcomp Warning: Symbol \textasciigrave not provided by
(textcomp)                font family pcr in TS1 encoding.
(textcomp)                Default family used instead on input line 1521.


Package textcomp Warning: Symbol \textasciigrave not provided by
(textcomp)                font family pcr in TS1 encoding.
(textcomp)                Default family used instead on input line 1521.



LaTeX Info: Redefining \. on input line 1523.
LaTeX Info: Redefining \% on input line 1523.
[19{C:/Users/FX506/AppData/Local/Programs/MiKTeX/fonts/enc/dvips/fontawesome5/f
a5free2.enc}]

Package textcomp Warning: Symbol \textasciigrave not provided by
(textcomp)                font family pcr in TS1 encoding.
(textcomp)                Default family used instead on input line 1550.


Package textcomp Warning: Symbol \textasciigrave not provided by
(textcomp)                font family pcr in TS1 encoding.
(textcomp)                Default family used instead on input line 1550.


Package textcomp Warning: Symbol \textasciigrave not provided by
(textcomp)                font family pcr in TS1 encoding.
(textcomp)                Default family used instead on input line 1550.


Package textcomp Warning: Symbol \textasciigrave not provided by
(textcomp)                font family pcr in TS1 encoding.
(textcomp)                Default family used instead on input line 1585.


Package textcomp Warning: Symbol \textasciigrave not provided by
(textcomp)                font family pcr in TS1 encoding.
(textcomp)                Default family used instead on input line 1585.


Package textcomp Warning: Symbol \textasciigrave not provided by
(textcomp)                font family pcr in TS1 encoding.
(textcomp)                Default family used instead on input line 1585.


Package textcomp Warning: Symbol \textasciigrave not provided by
(textcomp)                font family pcr in TS1 encoding.
(textcomp)                Default family used instead on input line 1585.


Package textcomp Warning: Symbol \textasciigrave not provided by
(textcomp)                font family pcr in TS1 encoding.
(textcomp)                Default family used instead on input line 1589.


Package textcomp Warning: Symbol \textasciigrave not provided by
(textcomp)                font family pcr in TS1 encoding.
(textcomp)                Default family used instead on input line 1589.


Package textcomp Warning: Symbol \textasciigrave not provided by
(textcomp)                font family pcr in TS1 encoding.
(textcomp)                Default family used instead on input line 1589.



LaTeX Info: Redefining \. on input line 1593.
LaTeX Info: Redefining \% on input line 1593.
[20]

Package textcomp Warning: Symbol \textasciigrave not provided by
(textcomp)                font family pcr in TS1 encoding.
(textcomp)                Default family used instead on input line 1619.


Package textcomp Warning: Symbol \textasciigrave not provided by
(textcomp)                font family pcr in TS1 encoding.
(textcomp)                Default family used instead on input line 1619.


Package textcomp Warning: Symbol \textasciigrave not provided by
(textcomp)                font family pcr in TS1 encoding.
(textcomp)                Default family used instead on input line 1619.

<fun-fish.png, id=433, 376.40625pt x 263.48438pt>
File: fun-fish.png Graphic file (type png)
<use fun-fish.png>
Package pdftex.def Info: fun-fish.png  used on input line 1638.
(pdftex.def)             Requested size: 376.40532pt x 263.48372pt.

Underfull \vbox (badness 7168) detected at line 1639
 []



LaTeX Info: Redefining \. on input line 1639.
LaTeX Info: Redefining \% on input line 1639.
[21]
File: fun-fish.png Graphic file (type png)
<use fun-fish.png>
Package pdftex.def Info: fun-fish.png  used on input line 1667.
(pdftex.def)             Requested size: 376.40532pt x 263.48372pt.

Underfull \vbox (badness 10000) detected at line 1669
 []



LaTeX Info: Redefining \. on input line 1669.
LaTeX Info: Redefining \% on input line 1669.
[22 <./fun-fish.png>]

Package textcomp Warning: Symbol \textasciigrave not provided by
(textcomp)                font family pcr in TS1 encoding.
(textcomp)                Default family used instead on input line 1677.


Package textcomp Warning: Symbol \textasciigrave not provided by
(textcomp)                font family pcr in TS1 encoding.
(textcomp)                Default family used instead on input line 1677.


Package textcomp Warning: Symbol \textasciigrave not provided by
(textcomp)                font family pcr in TS1 encoding.
(textcomp)                Default family used instead on input line 1677.

File: fun-fish.png Graphic file (type png)
<use fun-fish.png>
Package pdftex.def Info: fun-fish.png  used on input line 1701.
(pdftex.def)             Requested size: 376.40532pt x 263.48372pt.

Package wrapfig Warning: Collision between wrapping environments on input line 
1707.

File: fun-fish.png Graphic file (type png)
<use fun-fish.png>
Package pdftex.def Info: fun-fish.png  used on input line 1709.
(pdftex.def)             Requested size: 51.5593pt x 36.0915pt.

Underfull \hbox (badness 10000) in paragraph at lines 1710--1710
[]\T1/ptm/m/n/10 Figura 3:
 []


Underfull \hbox (badness 10000) in paragraph at lines 1710--1710
[]\T1/ptm/m/n/10 Figura ali-
 []


Underfull \hbox (badness 5741) in paragraph at lines 1710--1710
\T1/ptm/m/n/10 nea-da a la
 []


Package wrapfig Warning: Stationary wrapfigure forced to float on input line 17
12.

File: fun-fish.png Graphic file (type png)
<use fun-fish.png>
Package pdftex.def Info: fun-fish.png  used on input line 1718.
(pdftex.def)             Requested size: 376.40532pt x 263.48372pt.

Underfull \vbox (badness 7468) detected at line 1720
 []



LaTeX Info: Redefining \. on input line 1720.
LaTeX Info: Redefining \% on input line 1720.
[23]

Package textcomp Warning: Symbol \textasciigrave not provided by
(textcomp)                font family pcr in TS1 encoding.
(textcomp)                Default family used instead on input line 1728.


Package textcomp Warning: Symbol \textasciigrave not provided by
(textcomp)                font family pcr in TS1 encoding.
(textcomp)                Default family used instead on input line 1728.


Package textcomp Warning: Symbol \textasciigrave not provided by
(textcomp)                font family pcr in TS1 encoding.
(textcomp)                Default family used instead on input line 1728.


Package textcomp Warning: Symbol \textasciigrave not provided by
(textcomp)                font family pcr in TS1 encoding.
(textcomp)                Default family used instead on input line 1733.


Package textcomp Warning: Symbol \textasciigrave not provided by
(textcomp)                font family pcr in TS1 encoding.
(textcomp)                Default family used instead on input line 1733.


Package textcomp Warning: Symbol \textasciigrave not provided by
(textcomp)                font family pcr in TS1 encoding.
(textcomp)                Default family used instead on input line 1733.


Package textcomp Warning: Symbol \textasciigrave not provided by
(textcomp)                font family pcr in TS1 encoding.
(textcomp)                Default family used instead on input line 1734.


Package textcomp Warning: Symbol \textasciigrave not provided by
(textcomp)                font family pcr in TS1 encoding.
(textcomp)                Default family used instead on input line 1734.


Package textcomp Warning: Symbol \textasciigrave not provided by
(textcomp)                font family pcr in TS1 encoding.
(textcomp)                Default family used instead on input line 1734.


Package textcomp Warning: Symbol \textasciigrave not provided by
(textcomp)                font family pcr in TS1 encoding.
(textcomp)                Default family used instead on input line 1739.


Package textcomp Warning: Symbol \textasciigrave not provided by
(textcomp)                font family pcr in TS1 encoding.
(textcomp)                Default family used instead on input line 1739.


Package textcomp Warning: Symbol \textasciigrave not provided by
(textcomp)                font family pcr in TS1 encoding.
(textcomp)                Default family used instead on input line 1739.


Package textcomp Warning: Symbol \textasciigrave not provided by
(textcomp)                font family pcr in TS1 encoding.
(textcomp)                Default family used instead on input line 1740.


Package textcomp Warning: Symbol \textasciigrave not provided by
(textcomp)                font family pcr in TS1 encoding.
(textcomp)                Default family used instead on input line 1740.


Package textcomp Warning: Symbol \textasciigrave not provided by
(textcomp)                font family pcr in TS1 encoding.
(textcomp)                Default family used instead on input line 1740.


Package textcomp Warning: Symbol \textasciigrave not provided by
(textcomp)                font family pcr in TS1 encoding.
(textcomp)                Default family used instead on input line 1745.


Package textcomp Warning: Symbol \textasciigrave not provided by
(textcomp)                font family pcr in TS1 encoding.
(textcomp)                Default family used instead on input line 1745.


Package textcomp Warning: Symbol \textasciigrave not provided by
(textcomp)                font family pcr in TS1 encoding.
(textcomp)                Default family used instead on input line 1745.



LaTeX Info: Redefining \. on input line 1756.
LaTeX Info: Redefining \% on input line 1756.
[24]
File: fun-fish.png Graphic file (type png)
<use fun-fish.png>
Package pdftex.def Info: fun-fish.png  used on input line 1767.
(pdftex.def)             Requested size: 218.98395pt x 153.29143pt.
File: fun-fish.png Graphic file (type png)
<use fun-fish.png>
Package pdftex.def Info: fun-fish.png  used on input line 1774.
(pdftex.def)             Requested size: 150.56152pt x 105.39589pt.


Package textcomp Warning: Symbol \textasciigrave not provided by
(textcomp)                font family pcr in TS1 encoding.
(textcomp)                Default family used instead on input line 1784.


Package textcomp Warning: Symbol \textasciigrave not provided by
(textcomp)                font family pcr in TS1 encoding.
(textcomp)                Default family used instead on input line 1784.


Package textcomp Warning: Symbol \textasciigrave not provided by
(textcomp)                font family pcr in TS1 encoding.
(textcomp)                Default family used instead on input line 1784.


Package textcomp Warning: Symbol \textasciigrave not provided by
(textcomp)                font family pcr in TS1 encoding.
(textcomp)                Default family used instead on input line 1789.


Package textcomp Warning: Symbol \textasciigrave not provided by
(textcomp)                font family pcr in TS1 encoding.
(textcomp)                Default family used instead on input line 1789.


Package textcomp Warning: Symbol \textasciigrave not provided by
(textcomp)                font family pcr in TS1 encoding.
(textcomp)                Default family used instead on input line 1789.


Package textcomp Warning: Symbol \textasciigrave not provided by
(textcomp)                font family pcr in TS1 encoding.
(textcomp)                Default family used instead on input line 1791.


Package textcomp Warning: Symbol \textasciigrave not provided by
(textcomp)                font family pcr in TS1 encoding.
(textcomp)                Default family used instead on input line 1791.


Package textcomp Warning: Symbol \textasciigrave not provided by
(textcomp)                font family pcr in TS1 encoding.
(textcomp)                Default family used instead on input line 1791.



LaTeX Info: Redefining \. on input line 1804.
LaTeX Info: Redefining \% on input line 1804.
[25]
File: fun-fish.png Graphic file (type png)
<use fun-fish.png>
Package pdftex.def Info: fun-fish.png  used on input line 1815.
(pdftex.def)             Requested size: 376.40532pt x 263.48372pt.


Package textcomp Warning: Symbol \textasciigrave not provided by
(textcomp)                font family pcr in TS1 encoding.
(textcomp)                Default family used instead on input line 1828.


Package textcomp Warning: Symbol \textasciigrave not provided by
(textcomp)                font family pcr in TS1 encoding.
(textcomp)                Default family used instead on input line 1828.


Package textcomp Warning: Symbol \textasciigrave not provided by
(textcomp)                font family pcr in TS1 encoding.
(textcomp)                Default family used instead on input line 1828.


Package textcomp Warning: Symbol \textasciigrave not provided by
(textcomp)                font family pcr in TS1 encoding.
(textcomp)                Default family used instead on input line 1833.


Package textcomp Warning: Symbol \textasciigrave not provided by
(textcomp)                font family pcr in TS1 encoding.
(textcomp)                Default family used instead on input line 1833.


Package textcomp Warning: Symbol \textasciigrave not provided by
(textcomp)                font family pcr in TS1 encoding.
(textcomp)                Default family used instead on input line 1833.


Package textcomp Warning: Symbol \textasciigrave not provided by
(textcomp)                font family pcr in TS1 encoding.
(textcomp)                Default family used instead on input line 1835.


Package textcomp Warning: Symbol \textasciigrave not provided by
(textcomp)                font family pcr in TS1 encoding.
(textcomp)                Default family used instead on input line 1835.



LaTeX Info: Redefining \. on input line 1850.
LaTeX Info: Redefining \% on input line 1850.
[26]

Package textcomp Warning: Symbol \textasciigrave not provided by
(textcomp)                font family pcr in TS1 encoding.
(textcomp)                Default family used instead on input line 1969.


Package textcomp Warning: Symbol \textasciigrave not provided by
(textcomp)                font family pcr in TS1 encoding.
(textcomp)                Default family used instead on input line 1969.


Package textcomp Warning: Symbol \textasciigrave not provided by
(textcomp)                font family pcr in TS1 encoding.
(textcomp)                Default family used instead on input line 1969.



LaTeX Info: Redefining \. on input line 1990.
LaTeX Info: Redefining \% on input line 1990.
[27]
Underfull \hbox (badness 5036) in paragraph at lines 2004--2006
[]|\T1/phv/m/n/10 Co-lum-na Es-tre-
 []


Package textcomp Warning: Symbol \textasciigrave not provided by
(textcomp)                font family pcr in TS1 encoding.
(textcomp)                Default family used instead on input line 2036.


Package textcomp Warning: Symbol \textasciigrave not provided by
(textcomp)                font family pcr in TS1 encoding.
(textcomp)                Default family used instead on input line 2036.


Package textcomp Warning: Symbol \textasciigrave not provided by
(textcomp)                font family pcr in TS1 encoding.
(textcomp)                Default family used instead on input line 2036.


Package textcomp Warning: Symbol \textasciigrave not provided by
(textcomp)                font family pcr in TS1 encoding.
(textcomp)                Default family used instead on input line 2071.


Package textcomp Warning: Symbol \textasciigrave not provided by
(textcomp)                font family pcr in TS1 encoding.
(textcomp)                Default family used instead on input line 2071.


Package textcomp Warning: Symbol \textasciigrave not provided by
(textcomp)                font family pcr in TS1 encoding.
(textcomp)                Default family used instead on input line 2071.



LaTeX Info: Redefining \. on input line 2089.
LaTeX Info: Redefining \% on input line 2089.
[28]

Package textcomp Warning: Symbol \textasciigrave not provided by
(textcomp)                font family ptm in TS1 encoding.
(textcomp)                Default family used instead on input line 2100.


Package textcomp Warning: Symbol \textasciigrave not provided by
(textcomp)                font family ptm in TS1 encoding.
(textcomp)                Default family used instead on input line 2100.


Package textcomp Warning: Symbol \textasciigrave not provided by
(textcomp)                font family ptm in TS1 encoding.
(textcomp)                Default family used instead on input line 2100.


Package textcomp Warning: Symbol \textasciigrave not provided by
(textcomp)                font family ptm in TS1 encoding.
(textcomp)                Default family used instead on input line 2100.


Package textcomp Warning: Symbol \textasciigrave not provided by
(textcomp)                font family ptm in TS1 encoding.
(textcomp)                Default family used instead on input line 2100.


Package textcomp Warning: Symbol \textasciigrave not provided by
(textcomp)                font family pcr in TS1 encoding.
(textcomp)                Default family used instead on input line 2116.


Package textcomp Warning: Symbol \textasciigrave not provided by
(textcomp)                font family pcr in TS1 encoding.
(textcomp)                Default family used instead on input line 2116.


Package textcomp Warning: Symbol \textasciigrave not provided by
(textcomp)                font family pcr in TS1 encoding.
(textcomp)                Default family used instead on input line 2116.


Package textcomp Warning: Symbol \textasciigrave not provided by
(textcomp)                font family pcr in TS1 encoding.
(textcomp)                Default family used instead on input line 2150.


Package textcomp Warning: Symbol \textasciigrave not provided by
(textcomp)                font family pcr in TS1 encoding.
(textcomp)                Default family used instead on input line 2150.


Package textcomp Warning: Symbol \textasciigrave not provided by
(textcomp)                font family pcr in TS1 encoding.
(textcomp)                Default family used instead on input line 2150.



LaTeX Info: Redefining \. on input line 2160.
LaTeX Info: Redefining \% on input line 2160.
[29]

Package textcomp Warning: Symbol \textasciigrave not provided by
(textcomp)                font family pcr in TS1 encoding.
(textcomp)                Default family used instead on input line 2175.


Package textcomp Warning: Symbol \textasciigrave not provided by
(textcomp)                font family pcr in TS1 encoding.
(textcomp)                Default family used instead on input line 2175.


Package textcomp Warning: Symbol \textasciigrave not provided by
(textcomp)                font family pcr in TS1 encoding.
(textcomp)                Default family used instead on input line 2175.


Package textcomp Warning: Symbol \textasciigrave not provided by
(textcomp)                font family pcr in TS1 encoding.
(textcomp)                Default family used instead on input line 2206.


Package textcomp Warning: Symbol \textasciigrave not provided by
(textcomp)                font family pcr in TS1 encoding.
(textcomp)                Default family used instead on input line 2206.



LaTeX Info: Redefining \. on input line 2305.
LaTeX Info: Redefining \% on input line 2305.
[30]
Underfull \vbox (badness 10000) detected at line 2305
 []


Underfull \vbox (badness 10000) detected at line 2305
 []



LaTeX Info: Redefining \. on input line 2305.
LaTeX Info: Redefining \% on input line 2305.
[31]

Package textcomp Warning: Symbol \textasciigrave not provided by
(textcomp)                font family pcr in TS1 encoding.
(textcomp)                Default family used instead on input line 2313.


Package textcomp Warning: Symbol \textasciigrave not provided by
(textcomp)                font family pcr in TS1 encoding.
(textcomp)                Default family used instead on input line 2313.


Package textcomp Warning: Symbol \textasciigrave not provided by
(textcomp)                font family pcr in TS1 encoding.
(textcomp)                Default family used instead on input line 2313.

LaTeX Font Info:    Trying to load font information for TS1+pcr on input line 2
334.
(C:\Users\FX506\AppData\Local\Programs\MiKTeX\tex/latex/psnfss\ts1pcr.fd
File: ts1pcr.fd 2001/06/04 font definitions for TS1/pcr.
)

LaTeX Info: Redefining \. on input line 2343.
LaTeX Info: Redefining \% on input line 2343.
[32]

Package textcomp Warning: Symbol \textasciigrave not provided by
(textcomp)                font family pcr in TS1 encoding.
(textcomp)                Default family used instead on input line 2416.


Package textcomp Warning: Symbol \textasciigrave not provided by
(textcomp)                font family pcr in TS1 encoding.
(textcomp)                Default family used instead on input line 2416.



LaTeX Info: Redefining \. on input line 2418.
LaTeX Info: Redefining \% on input line 2418.
[33]
File: fun-fish.png Graphic file (type png)
<use fun-fish.png>
Package pdftex.def Info: fun-fish.png  used on input line 2436.
(pdftex.def)             Requested size: 376.40532pt x 263.48372pt.


Package textcomp Warning: Symbol \textasciigrave not provided by
(textcomp)                font family pcr in TS1 encoding.
(textcomp)                Default family used instead on input line 2443.


Package textcomp Warning: Symbol \textasciigrave not provided by
(textcomp)                font family pcr in TS1 encoding.
(textcomp)                Default family used instead on input line 2443.



LaTeX Info: Redefining \. on input line 2469.
LaTeX Info: Redefining \% on input line 2469.
[34]

LaTeX Info: Redefining \. on input line 2549.
LaTeX Info: Redefining \% on input line 2549.
[35]

Package textcomp Warning: Symbol \textasciigrave not provided by
(textcomp)                font family pcr in TS1 encoding.
(textcomp)                Default family used instead on input line 2557.


Package textcomp Warning: Symbol \textasciigrave not provided by
(textcomp)                font family pcr in TS1 encoding.
(textcomp)                Default family used instead on input line 2557.


Package textcomp Warning: Symbol \textasciigrave not provided by
(textcomp)                font family pcr in TS1 encoding.
(textcomp)                Default family used instead on input line 2557.


Package textcomp Warning: Symbol \textasciigrave not provided by
(textcomp)                font family pcr in TS1 encoding.
(textcomp)                Default family used instead on input line 2560.


Package textcomp Warning: Symbol \textasciigrave not provided by
(textcomp)                font family pcr in TS1 encoding.
(textcomp)                Default family used instead on input line 2560.


Package textcomp Warning: Symbol \textasciigrave not provided by
(textcomp)                font family pcr in TS1 encoding.
(textcomp)                Default family used instead on input line 2560.


Package textcomp Warning: Symbol \textasciigrave not provided by
(textcomp)                font family pcr in TS1 encoding.
(textcomp)                Default family used instead on input line 2580.


Package textcomp Warning: Symbol \textasciigrave not provided by
(textcomp)                font family pcr in TS1 encoding.
(textcomp)                Default family used instead on input line 2580.


Package textcomp Warning: Symbol \textasciigrave not provided by
(textcomp)                font family pcr in TS1 encoding.
(textcomp)                Default family used instead on input line 2580.


Package textcomp Warning: Symbol \textasciigrave not provided by
(textcomp)                font family pcr in TS1 encoding.
(textcomp)                Default family used instead on input line 2587.


Package textcomp Warning: Symbol \textasciigrave not provided by
(textcomp)                font family pcr in TS1 encoding.
(textcomp)                Default family used instead on input line 2587.


Package textcomp Warning: Symbol \textasciigrave not provided by
(textcomp)                font family pcr in TS1 encoding.
(textcomp)                Default family used instead on input line 2587.


Package textcomp Warning: Symbol \textasciigrave not provided by
(textcomp)                font family pcr in TS1 encoding.
(textcomp)                Default family used instead on input line 2612.


Package textcomp Warning: Symbol \textasciigrave not provided by
(textcomp)                font family pcr in TS1 encoding.
(textcomp)                Default family used instead on input line 2612.



LaTeX Info: Redefining \. on input line 2619.
LaTeX Info: Redefining \% on input line 2619.
[36]

LaTeX Info: Redefining \. on input line 2712.
LaTeX Info: Redefining \% on input line 2712.
[37]

Package textcomp Warning: Symbol \textasciigrave not provided by
(textcomp)                font family pcr in TS1 encoding.
(textcomp)                Default family used instead on input line 2782.


Package textcomp Warning: Symbol \textasciigrave not provided by
(textcomp)                font family pcr in TS1 encoding.
(textcomp)                Default family used instead on input line 2782.


Package textcomp Warning: Symbol \textasciigrave not provided by
(textcomp)                font family pcr in TS1 encoding.
(textcomp)                Default family used instead on input line 2804.


Package textcomp Warning: Symbol \textasciigrave not provided by
(textcomp)                font family pcr in TS1 encoding.
(textcomp)                Default family used instead on input line 2804.



LaTeX Info: Redefining \. on input line 2805.
LaTeX Info: Redefining \% on input line 2805.
[38]

Package textcomp Warning: Symbol \textasciigrave not provided by
(textcomp)                font family pcr in TS1 encoding.
(textcomp)                Default family used instead on input line 2826.


Package textcomp Warning: Symbol \textasciigrave not provided by
(textcomp)                font family pcr in TS1 encoding.
(textcomp)                Default family used instead on input line 2826.


Package textcomp Warning: Symbol \textasciigrave not provided by
(textcomp)                font family pcr in TS1 encoding.
(textcomp)                Default family used instead on input line 2843.


Package textcomp Warning: Symbol \textasciigrave not provided by
(textcomp)                font family pcr in TS1 encoding.
(textcomp)                Default family used instead on input line 2843.


Package textcomp Warning: Symbol \textasciigrave not provided by
(textcomp)                font family pcr in TS1 encoding.
(textcomp)                Default family used instead on input line 2843.


Package textcomp Warning: Symbol \textasciigrave not provided by
(textcomp)                font family pcr in TS1 encoding.
(textcomp)                Default family used instead on input line 2854.


Package textcomp Warning: Symbol \textasciigrave not provided by
(textcomp)                font family pcr in TS1 encoding.
(textcomp)                Default family used instead on input line 2854.


Package textcomp Warning: Symbol \textasciigrave not provided by
(textcomp)                font family pcr in TS1 encoding.
(textcomp)                Default family used instead on input line 2871.


Package textcomp Warning: Symbol \textasciigrave not provided by
(textcomp)                font family pcr in TS1 encoding.
(textcomp)                Default family used instead on input line 2871.



LaTeX Info: Redefining \. on input line 2889.
LaTeX Info: Redefining \% on input line 2889.
[39]

LaTeX Info: Redefining \. on input line 2893.
LaTeX Info: Redefining \% on input line 2893.
[40]



[41



] (proyecto_tema_5_boletin_1.ind

LaTeX Info: Redefining \. on input line 1.
LaTeX Info: Redefining \% on input line 1.
[42


]
Underfull \hbox (badness 10000) in paragraph at lines 14--15
[]\T1/pcr/m/n/10 multiplicacion() \T1/ptm/m/n/10 (\T1/ptm/m/it/10 en el mó-du-l
o
 []


Underfull \hbox (badness 10000) in paragraph at lines 18--19
[]\T1/pcr/m/n/10 operaciones_basicas() \T1/ptm/m/n/10 (\T1/ptm/m/it/10 en el mó
-du-lo
 []





[43


]) (proyecto_tema_5_boletin_1.aux
LaTeX Info: Redefining \. on input line 11.
LaTeX Info: Redefining \% on input line 11.
)
 ***********
LaTeX2e <2024-11-01> patch level 1
L3 programming layer <2024-12-09>
 ***********
Package rerunfilecheck Info: File `proyecto_tema_5_boletin_1.out' has not chang
ed.
(rerunfilecheck)             Checksum: 39C75412C2B1AF97B225C365D6704F4F;16400.
 ) 
Here is how much of TeX's memory you used:
 20946 strings out of 473577
 380941 string characters out of 5716317
 834765 words of memory out of 5000000
 43539 multiletter control sequences out of 15000+600000
 617913 words of font info for 113 fonts, out of 8000000 for 9000
 1142 hyphenation exceptions out of 8191
 72i,14n,83p,1156b,716s stack positions out of 10000i,1000n,20000p,200000b,200000s
 <C:\Users\FX506\AppData\Local\MiKTeX\fonts/pk/ljfour/jknappen/ec/dpi600\tcit
1000.pk> <C:\Users\FX506\AppData\Local\MiKTeX\fonts/pk/ljfour/jknappen/ec/dpi60
0\tcrm1000.pk> <C:\Users\FX506\AppData\Local\MiKTeX\fonts/pk/ljfour/jknappen/ec
/dpi600\tctt1000.pk><C:/Users/FX506/AppData/Local/Programs/MiKTeX/fonts/type1/p
ublic/fontawesome5/FontAwesome5Free-Regular.pfb><C:/Users/FX506/AppData/Local/P
rograms/MiKTeX/fonts/type1/public/fontawesome5/FontAwesome5Free-Solid.pfb><C:/U
sers/FX506/AppData/Local/Programs/MiKTeX/fonts/type1/public/amsfonts/cm/cmmi5.p
fb><C:/Users/FX506/AppData/Local/Programs/MiKTeX/fonts/type1/public/amsfonts/cm
/cmsy5.pfb><C:/Users/FX506/AppData/Local/Programs/MiKTeX/fonts/type1/urw/courie
r/ucrb8a.pfb><C:/Users/FX506/AppData/Local/Programs/MiKTeX/fonts/type1/urw/cour
ier/ucrr8a.pfb><C:/Users/FX506/AppData/Local/Programs/MiKTeX/fonts/type1/urw/co
urier/ucrro8a.pfb><C:/Users/FX506/AppData/Local/Programs/MiKTeX/fonts/type1/urw
/helvetic/uhvb8a.pfb><C:/Users/FX506/AppData/Local/Programs/MiKTeX/fonts/type1/
urw/helvetic/uhvr8a.pfb><C:/Users/FX506/AppData/Local/Programs/MiKTeX/fonts/typ
e1/urw/times/utmb8a.pfb><C:/Users/FX506/AppData/Local/Programs/MiKTeX/fonts/typ
e1/urw/times/utmbi8a.pfb><C:/Users/FX506/AppData/Local/Programs/MiKTeX/fonts/ty
pe1/urw/times/utmr8a.pfb><C:/Users/FX506/AppData/Local/Programs/MiKTeX/fonts/ty
pe1/urw/times/utmri8a.pfb>
Output written on proyecto_tema_5_boletin_1.pdf (43 pages, 775395 bytes).
PDF statistics:
 656 PDF objects out of 1000 (max. 8388607)
 144 named destinations out of 1000 (max. 500000)
 650 words of extra memory for PDF output out of 10000 (max. 10000000)

