\BOOKMARK [0][-]{chapter.1}{\376\377\0001\000.\000\040\000C\000o\000n\000f\000i\000g\000u\000r\000a\000c\000i\000\363\000n\000\040\000I\000n\000i\000c\000i\000a\000l\000\040\000d\000e\000l\000\040\000P\000r\000o\000y\000e\000c\000t\000o}{}% 1
\BOOKMARK [1][-]{section*.2}{\376\377\0001\000.\0001\000\040\000C\000r\000e\000a\000c\000i\000\363\000n\000\040\000d\000e\000l\000\040\000E\000n\000t\000o\000r\000n\000o\000\040\000V\000i\000r\000t\000u\000a\000l\000:}{chapter.1}% 2
\BOOKMARK [1][-]{section*.3}{\376\377\0001\000.\0002\000\040\000I\000n\000s\000t\000a\000l\000a\000c\000i\000\363\000n\000\040\000y\000\040\000F\000u\000n\000c\000i\000o\000n\000a\000m\000i\000e\000n\000t\000o\000\040\000d\000e\000\040\000l\000a\000s\000\040\000L\000i\000b\000r\000e\000r\000\355\000a\000s\000\040\000n\000e\000c\000e\000s\000a\000r\000i\000a\000s\000:}{chapter.1}% 3
\BOOKMARK [1][-]{section*.4}{\376\377\0001\000.\0003\000.\000\040\000C\000r\000e\000a\000c\000i\000\363\000n\000\040\000i\000n\000i\000c\000i\000a\000l\000\040\000d\000e\000l\000\040\000p\000r\000o\000y\000e\000c\000t\000o\000\040\000c\000o\000n\000\040\000S\000p\000h\000i\000n\000x\000:}{chapter.1}% 4
\BOOKMARK [1][-]{section*.5}{\376\377\0001\000.\0004\000\040\000E\000x\000p\000l\000i\000c\000a\000c\000i\000\363\000n\000\040\000d\000e\000\040\000l\000a\000\040\000E\000s\000t\000r\000u\000c\000t\000u\000r\000a\000\040\000i\000n\000i\000c\000i\000a\000l\000\040\000d\000e\000l\000\040\000p\000r\000o\000y\000e\000c\000t\000o\000:}{chapter.1}% 5
\BOOKMARK [1][-]{section*.6}{\376\377\0001\000.\0005\000.\000\040\000E\000x\000p\000l\000i\000c\000a\000c\000i\000\363\000n\000\040\000d\000e\000\040\000c\000o\000n\000f\000.\000p\000y}{chapter.1}% 6
\BOOKMARK [1][-]{section*.7}{\376\377\0001\000.\0006\000.\000\040\000E\000x\000p\000l\000i\000c\000a\000c\000i\000o\000n\000\040\000d\000e\000l\000\040\000a\000r\000c\000h\000i\000v\000o\000\040\000i\000n\000d\000e\000x\000.\000m\000d}{chapter.1}% 7
\BOOKMARK [1][-]{section*.8}{\376\377\0001\000.\0007\000.\000\040\000C\000r\000e\000a\000c\000i\000\363\000n\000\040\000d\000e\000\040\000f\000i\000c\000h\000e\000r\000o\000s\000\040\000d\000e\000\040\000c\000\363\000d\000i\000g\000o\000\040\000y\000\040\000g\000e\000n\000e\000r\000a\000c\000i\000\363\000n\000\040\000a\000u\000t\000o\000m\000\341\000t\000i\000c\000a\000\040\000d\000e\000\040\000d\000o\000c\000u\000m\000e\000n\000t\000a\000c\000i\000\363\000n}{chapter.1}% 8
\BOOKMARK [1][-]{section*.15}{\376\377\0001\000.\0008\000.\000\040\000G\000e\000n\000e\000r\000a\000c\000i\000\363\000n\000\040\000d\000e\000\040\000H\000T\000M\000L\000\040\000a\000\040\000p\000a\000r\000t\000i\000r\000\040\000d\000e\000\040\000l\000a\000\040\000d\000o\000c\000u\000m\000e\000n\000t\000a\000c\000i\000\363\000n}{chapter.1}% 9
\BOOKMARK [1][-]{section*.16}{\376\377\0001\000.\0009\000.\000\040\000G\000e\000n\000e\000r\000a\000c\000i\000\363\000n\000\040\000d\000e\000\040\000P\000D\000F\000\040\000a\000\040\000p\000a\000r\000t\000i\000r\000\040\000d\000e\000\040\000l\000a\000\040\000d\000o\000c\000u\000m\000e\000n\000t\000a\000c\000i\000\363\000n\000:}{chapter.1}% 10
\BOOKMARK [1][-]{section*.17}{\376\377\0001\000.\0001\0000\000\040\000E\000x\000p\000l\000i\000c\000a\000c\000i\000\363\000n\000\040\000d\000e\000\040\000l\000a\000\040\000E\000s\000t\000r\000u\000c\000t\000u\000r\000a\000\040\000F\000i\000n\000a\000l\000\040\000d\000e\000l\000\040\000P\000r\000o\000y\000e\000c\000t\000o\000:}{chapter.1}% 11
\BOOKMARK [0][-]{chapter.2}{\376\377\0002\000.\000C\000o\000m\000a\000n\000d\000o\000s\000\040\000U\000t\000i\000l\000i\000z\000a\000d\000o\000s\000\040\000d\000e\000\040\000f\000o\000r\000m\000a\000\040\000d\000e\000t\000a\000l\000l\000a\000d\000a\000\040\000e\000n\000\040\000e\000l\000\040\000p\000r\000o\000y\000e\000c\000t\000o}{}% 12
\BOOKMARK [0][-]{chapter.3}{\376\377\0003\000.\000\040\000G\000u\000i\000a\000\040\000d\000e\000\040\000U\000s\000o\000\040\000M\000y\000s\000t}{}% 13
\BOOKMARK [1][-]{section*.18}{\376\377\0003\000.\0001\000\040\000T\000i\000p\000o\000g\000r\000a\000f\000i\000a\000\040\000M\000Y\000S\000T\000:}{chapter.3}% 14
\BOOKMARK [2][-]{subsection*.19}{\376\377\0003\000.\0001\000.\0001\000\040\000E\000n\000c\000a\000b\000e\000z\000a\000d\000o\000s}{section*.18}% 15
\BOOKMARK [2][-]{subsection*.20}{\376\377\0003\000.\0001\000.\0002\000\040\000P\000a\000r\000r\000\341\000f\000o\000s}{section*.18}% 16
\BOOKMARK [2][-]{subsection*.21}{\376\377\0003\000.\0001\000.\0003\000\040\000C\000a\000m\000b\000i\000o\000s\000\040\000d\000e\000\040\000t\000e\000m\000a}{section*.18}% 17
\BOOKMARK [2][-]{subsection*.22}{\376\377\0003\000.\0001\000.\0004\000\040\000E\000s\000t\000i\000l\000o\000s\000\040\000d\000e\000\040\000T\000e\000x\000t\000o}{section*.18}% 18
\BOOKMARK [2][-]{subsection*.23}{\376\377\0003\000.\0001\000.\0005\000\040\000S\000a\000l\000t\000o\000\040\000d\000e\000\040\000l\000i\000n\000e\000a\000.}{section*.18}% 19
\BOOKMARK [2][-]{subsection*.24}{\376\377\0003\000.\0001\000.\0006\000\040\000L\000i\000s\000t\000a\000s\000\040\000n\000u\000m\000e\000r\000a\000d\000a\000s\000\040\000y\000\040\000n\000o\000\040\000n\000u\000m\000e\000r\000a\000d\000a\000s}{section*.18}% 20
\BOOKMARK [2][-]{subsection*.25}{\376\377\0003\000.\0001\000.\0007\000\040\000C\000i\000t\000a\000s}{section*.18}% 21
\BOOKMARK [2][-]{subsection*.26}{\376\377\0003\000.\0001\000.\0008\000\040\000N\000o\000t\000a\000s\000\040\000d\000e\000\040\000P\000i\000e\000\040\000d\000e\000\040\000P\000\341\000g\000i\000n\000a}{section*.18}% 22
\BOOKMARK [1][-]{section*.29}{\376\377\0003\000.\0002\000\040\000A\000d\000m\000o\000n\000i\000t\000i\000o\000n\000s\000\040\000e\000n\000\040\000M\000y\000S\000T}{chapter.3}% 23
\BOOKMARK [2][-]{subsection*.30}{\376\377\0003\000.\0002\000.\0001\000\040\000\277\000Q\000u\000\351\000\040\000s\000o\000n\000\040\000l\000o\000s\000\040\000A\000d\000m\000o\000n\000i\000t\000i\000o\000n\000s\000?}{section*.29}% 24
\BOOKMARK [2][-]{subsection*.31}{\376\377\0003\000.\0002\000.\0002\000\040\000A\000d\000m\000o\000n\000i\000t\000i\000o\000n\000s\000\040\000P\000r\000e\000d\000e\000f\000i\000n\000i\000d\000o\000s}{section*.29}% 25
\BOOKMARK [2][-]{subsection*.32}{\376\377\0003\000.\0002\000.\0003\000\040\000A\000d\000m\000o\000n\000i\000t\000i\000o\000n\000s\000\040\000c\000o\000n\000\040\000T\000\355\000t\000u\000l\000o\000s\000\040\000P\000e\000r\000s\000o\000n\000a\000l\000i\000z\000a\000d\000o\000s}{section*.29}% 26
\BOOKMARK [2][-]{subsection*.33}{\376\377\0003\000.\0002\000.\0004\000\040\000A\000d\000m\000o\000n\000i\000t\000i\000o\000n\000s\000\040\000c\000o\000n\000\040\000C\000\363\000d\000i\000g\000o\000\040\000F\000o\000r\000m\000a\000t\000e\000a\000d\000o}{section*.29}% 27
\BOOKMARK [2][-]{subsection*.34}{\376\377\0003\000.\0002\000.\0005\000\040\000P\000e\000r\000s\000o\000n\000a\000l\000i\000z\000a\000c\000i\000\363\000n\000\040\000A\000v\000a\000n\000z\000a\000d\000a}{section*.29}% 28
\BOOKMARK [1][-]{section*.35}{\376\377\0003\000.\0003\000\040\000I\000m\000\341\000g\000e\000n\000e\000s\000\040\000y\000\040\000F\000i\000g\000u\000r\000a\000s\000\040\000e\000n\000\040\000M\000y\000S\000T}{chapter.3}% 29
\BOOKMARK [2][-]{subsection*.36}{\376\377\0003\000.\0003\000.\0001\000\040\000I\000m\000\341\000g\000e\000n\000e\000s\000\040\000B\000\341\000s\000i\000c\000a\000s}{section*.35}% 30
\BOOKMARK [2][-]{subsection*.37}{\376\377\0003\000.\0003\000.\0002\000\040\000F\000i\000g\000u\000r\000a\000s\000\040\000c\000o\000n\000\040\000M\000y\000S\000T}{section*.35}% 31
\BOOKMARK [2][-]{subsection*.38}{\376\377\0003\000.\0003\000.\0003\000\040\000A\000j\000u\000s\000t\000e\000s\000\040\000d\000e\000\040\000A\000l\000i\000n\000e\000a\000c\000i\000\363\000n}{section*.35}% 32
\BOOKMARK [2][-]{subsection*.39}{\376\377\0003\000.\0003\000.\0004\000\040\000E\000s\000c\000a\000l\000a\000d\000o\000\040\000d\000e\000\040\000I\000m\000\341\000g\000e\000n\000e\000s}{section*.35}% 33
\BOOKMARK [2][-]{subsection*.40}{\376\377\0003\000.\0003\000.\0005\000\040\000R\000e\000f\000e\000r\000e\000n\000c\000i\000a\000s\000\040\000a\000\040\000F\000i\000g\000u\000r\000a\000s}{section*.35}% 34
\BOOKMARK [1][-]{section*.41}{\376\377\0003\000.\0004\000\040\000T\000a\000b\000l\000a\000s\000\040\000e\000n\000\040\000M\000y\000S\000T}{chapter.3}% 35
\BOOKMARK [2][-]{subsection*.42}{\376\377\0003\000.\0004\000.\0001\000\040\000T\000a\000b\000l\000a\000s\000\040\000B\000\341\000s\000i\000c\000a\000s}{section*.41}% 36
\BOOKMARK [2][-]{subsection*.43}{\376\377\0003\000.\0004\000.\0002\000\040\000T\000a\000b\000l\000a\000s\000\040\000M\000e\000j\000o\000r\000a\000d\000a\000s\000\040\000c\000o\000n\000\040\000M\000y\000S\000T}{section*.41}% 37
\BOOKMARK [2][-]{subsection*.44}{\376\377\0003\000.\0004\000.\0003\000\040\000T\000a\000b\000l\000a\000s\000\040\000c\000o\000n\000\040\000A\000n\000c\000h\000o\000\040\000P\000e\000r\000s\000o\000n\000a\000l\000i\000z\000a\000d\000o}{section*.41}% 38
\BOOKMARK [2][-]{subsection*.45}{\376\377\0003\000.\0004\000.\0004\000\040\000C\000o\000m\000b\000i\000n\000a\000r\000\040\000C\000e\000l\000d\000a\000s\000\040\000e\000n\000\040\000T\000a\000b\000l\000a\000s}{section*.41}% 39
\BOOKMARK [1][-]{section*.46}{\376\377\0003\000.\0005\000\040\000C\000\363\000d\000i\000g\000o\000s\000\040\000F\000u\000e\000n\000t\000e\000\040\000y\000\040\000A\000P\000I\000s\000\040\000e\000n\000\040\000M\000y\000S\000T}{chapter.3}% 40
\BOOKMARK [2][-]{subsection*.47}{\376\377\0003\000.\0005\000.\0001\000\040\000B\000l\000o\000q\000u\000e\000s\000\040\000d\000e\000\040\000C\000\363\000d\000i\000g\000o}{section*.46}% 41
\BOOKMARK [2][-]{subsection*.48}{\376\377\0003\000.\0005\000.\0002\000\040\000B\000l\000o\000q\000u\000e\000s\000\040\000d\000e\000\040\000C\000\363\000d\000i\000g\000o\000\040\000c\000o\000n\000\040\000D\000i\000r\000e\000c\000t\000i\000v\000a\000s}{section*.46}% 42
\BOOKMARK [2][-]{subsection*.50}{\376\377\0003\000.\0005\000.\0003\000\040\000I\000n\000c\000r\000u\000s\000t\000a\000r\000\040\000A\000P\000I\000s\000\040\000e\000n\000\040\000D\000o\000c\000u\000m\000e\000n\000t\000o\000s}{section*.46}% 43
\BOOKMARK [2][-]{subsection*.51}{\376\377\0003\000.\0005\000.\0004\000\040\000R\000e\000s\000a\000l\000t\000a\000r\000\040\000F\000r\000a\000g\000m\000e\000n\000t\000o\000s\000\040\000d\000e\000\040\000C\000\363\000d\000i\000g\000o}{section*.46}% 44
\BOOKMARK [2][-]{subsection*.52}{\376\377\0003\000.\0005\000.\0005\000\040\000A\000d\000j\000u\000n\000t\000a\000r\000\040\000A\000r\000c\000h\000i\000v\000o\000s\000\040\000d\000e\000\040\000C\000\363\000d\000i\000g\000o}{section*.46}% 45
\BOOKMARK [2][-]{subsection*.53}{\376\377\0003\000.\0005\000.\0006\000\040\000N\000o\000t\000a\000s\000\040\000s\000o\000b\000r\000e\000\040\000l\000a\000\040\000C\000o\000n\000f\000i\000g\000u\000r\000a\000c\000i\000\363\000n}{section*.46}% 46
\BOOKMARK [1][-]{section*.54}{\376\377\0003\000.\0006\000\040\000C\000r\000o\000s\000s\000-\000R\000e\000f\000e\000r\000e\000n\000c\000e\000s\000\040\000e\000n\000\040\000M\000y\000S\000T}{chapter.3}% 47
\BOOKMARK [2][-]{subsection*.55}{\376\377\0003\000.\0006\000.\0001\000\040\000E\000n\000l\000a\000c\000e\000s\000\040\000I\000n\000t\000e\000r\000n\000o\000s\000\040\000B\000\341\000s\000i\000c\000o\000s}{section*.54}% 48
\BOOKMARK [2][-]{subsection*.56}{\376\377\0003\000.\0006\000.\0002\000\040\000E\000n\000l\000a\000c\000e\000s\000\040\000c\000o\000n\000\040\000T\000\355\000t\000u\000l\000o\000s}{section*.54}% 49
\BOOKMARK [2][-]{subsection*.57}{\376\377\0003\000.\0006\000.\0003\000\040\000E\000t\000i\000q\000u\000e\000t\000a\000s\000\040\000P\000e\000r\000s\000o\000n\000a\000l\000i\000z\000a\000d\000a\000s}{section*.54}% 50
\BOOKMARK [2][-]{subsection*.58}{\376\377\0003\000.\0006\000.\0004\000\040\000R\000e\000f\000e\000r\000e\000n\000c\000i\000a\000s\000\040\000C\000r\000u\000z\000a\000d\000a\000s\000\040\000a\000\040\000F\000i\000g\000u\000r\000a\000s\000,\000\040\000T\000a\000b\000l\000a\000s\000\040\000y\000\040\000C\000\363\000d\000i\000g\000o}{section*.54}% 51
\BOOKMARK [2][-]{subsection*.59}{\376\377\0003\000.\0006\000.\0005\000\040\000R\000e\000f\000e\000r\000e\000n\000c\000i\000a\000s\000\040\000E\000x\000t\000e\000r\000n\000a\000s}{section*.54}% 52
\BOOKMARK [1][-]{section*.60}{\376\377\0003\000.\0007\000\040\000O\000r\000g\000a\000n\000i\000z\000a\000c\000i\000\363\000n\000\040\000d\000e\000l\000\040\000C\000o\000n\000t\000e\000n\000i\000d\000o\000\040\000e\000n\000\040\000M\000y\000S\000T}{chapter.3}% 53
\BOOKMARK [2][-]{subsection*.61}{\376\377\0003\000.\0007\000.\0001\000\040\000S\000e\000c\000c\000i\000o\000n\000e\000s\000\040\000y\000\040\000E\000n\000c\000a\000b\000e\000z\000a\000d\000o\000s}{section*.60}% 54
\BOOKMARK [2][-]{subsection*.62}{\376\377\0003\000.\0007\000.\0002\000\040\000S\000e\000p\000a\000r\000a\000d\000o\000r\000e\000s\000\040\000d\000e\000\040\000T\000e\000m\000a\000s}{section*.60}% 55
\BOOKMARK [2][-]{subsection*.63}{\376\377\0003\000.\0007\000.\0003\000\040\000A\000r\000c\000h\000i\000v\000o\000s\000\040\000I\000n\000c\000l\000u\000i\000d\000o\000s}{section*.60}% 56
\BOOKMARK [2][-]{subsection*.64}{\376\377\0003\000.\0007\000.\0004\000\040\000\315\000n\000d\000i\000c\000e\000s\000\040\000y\000\040\000T\000a\000b\000l\000a\000s\000\040\000d\000e\000\040\000C\000o\000n\000t\000e\000n\000i\000d\000o}{section*.60}% 57
\BOOKMARK [2][-]{subsection*.65}{\376\377\0003\000.\0007\000.\0005\000\040\000E\000t\000i\000q\000u\000e\000t\000a\000s\000\040\000y\000\040\000R\000e\000f\000e\000r\000e\000n\000c\000i\000a\000s}{section*.60}% 58
\BOOKMARK [1][-]{section*.66}{\376\377\0003\000.\0008\000\040\000E\000x\000t\000e\000n\000s\000i\000o\000n\000e\000s\000\040\000d\000e\000\040\000S\000i\000n\000t\000a\000x\000i\000s\000\040\000e\000n\000\040\000M\000y\000S\000T}{chapter.3}% 59
\BOOKMARK [2][-]{subsection*.67}{\376\377\0003\000.\0008\000.\0001\000\040\000E\000x\000t\000e\000n\000s\000i\000o\000n\000e\000s\000\040\000O\000p\000c\000i\000o\000n\000a\000l\000e\000s}{section*.66}% 60
\BOOKMARK [2][-]{subsection*.68}{\376\377\0003\000.\0008\000.\0002\000\040\000M\000a\000t\000e\000m\000\341\000t\000i\000c\000a\000s\000\040\000c\000o\000n\000\040\000d\000o\000l\000l\000a\000r\000m\000a\000t\000h}{section*.66}% 61
\BOOKMARK [2][-]{subsection*.69}{\376\377\0003\000.\0008\000.\0003\000\040\000L\000i\000s\000t\000a\000s\000\040\000d\000e\000\040\000T\000a\000r\000e\000a\000s\000\040\000c\000o\000n\000\040\000t\000a\000s\000k\000l\000i\000s\000t}{section*.66}% 62
\BOOKMARK [2][-]{subsection*.70}{\376\377\0003\000.\0008\000.\0004\000\040\000L\000i\000s\000t\000a\000s\000\040\000d\000e\000\040\000C\000a\000m\000p\000o\000s\000\040\000c\000o\000n\000\040\000f\000i\000e\000l\000d\000l\000i\000s\000t}{section*.66}% 63
\BOOKMARK [1][-]{section*.71}{\376\377\0003\000.\0009\000\040\000R\000o\000l\000e\000s\000\040\000y\000\040\000D\000i\000r\000e\000c\000t\000i\000v\000a\000s\000\040\000e\000n\000\040\000M\000y\000S\000T}{chapter.3}% 64
\BOOKMARK [2][-]{subsection*.72}{\376\377\0003\000.\0009\000.\0001\000\040\000\277\000Q\000u\000\351\000\040\000s\000o\000n\000\040\000l\000o\000s\000\040\000R\000o\000l\000e\000s\000\040\000y\000\040\000l\000a\000s\000\040\000D\000i\000r\000e\000c\000t\000i\000v\000a\000s\000?}{section*.71}% 65
\BOOKMARK [2][-]{subsection*.73}{\376\377\0003\000.\0009\000.\0002\000\040\000E\000j\000e\000m\000p\000l\000o\000\040\000d\000e\000\040\000R\000o\000l\000e\000s}{section*.71}% 66
\BOOKMARK [3][-]{subsubsection*.74}{\376\377\000R\000o\000l\000:\000\040\000d\000o\000c}{subsection*.73}% 67
\BOOKMARK [3][-]{subsubsection*.75}{\376\377\000R\000o\000l\000:\000\040\000r\000e\000f}{subsection*.73}% 68
\BOOKMARK [3][-]{subsubsection*.76}{\376\377\000R\000o\000l\000:\000\040\000n\000u\000m\000r\000e\000f}{subsection*.73}% 69
\BOOKMARK [2][-]{subsection*.77}{\376\377\0003\000.\0009\000.\0003\000\040\000E\000j\000e\000m\000p\000l\000o\000\040\000d\000e\000\040\000D\000i\000r\000e\000c\000t\000i\000v\000a\000s}{section*.71}% 70
\BOOKMARK [3][-]{subsubsection*.78}{\376\377\000D\000i\000r\000e\000c\000t\000i\000v\000a\000:\000\040\000f\000i\000g\000u\000r\000e}{subsection*.77}% 71
\BOOKMARK [0][-]{section*.79}{\376\377\000\315\000n\000d\000i\000c\000e\000\040\000d\000e\000\040\000M\000\363\000d\000u\000l\000o\000s\000\040\000P\000y\000t\000h\000o\000n}{}% 72
\BOOKMARK [0][-]{section*.80}{\376\377\000\315\000n\000d\000i\000c\000e}{}% 73
